{"meta": {"format": 3, "version": "7.11.1", "timestamp": "2025-11-08T18:09:13.856215", "branch_coverage": false, "show_contexts": false}, "files": {"src/sqlsentinel/__init__.py": {"executed_lines": [1, 3], "summary": {"covered_lines": 1, "num_statements": 1, "percent_covered": 100.0, "percent_covered_display": "100", "missing_lines": 0, "excluded_lines": 0}, "missing_lines": [], "excluded_lines": [], "functions": {"": {"executed_lines": [1, 3], "summary": {"covered_lines": 1, "num_statements": 1, "percent_covered": 100.0, "percent_covered_display": "100", "missing_lines": 0, "excluded_lines": 0}, "missing_lines": [], "excluded_lines": []}}, "classes": {"": {"executed_lines": [1, 3], "summary": {"covered_lines": 1, "num_statements": 1, "percent_covered": 100.0, "percent_covered_display": "100", "missing_lines": 0, "excluded_lines": 0}, "missing_lines": [], "excluded_lines": []}}}, "src/sqlsentinel/cli.py": {"executed_lines": [1, 3, 4, 5, 6, 7, 8, 9, 10, 12, 13, 15, 16, 17, 18, 19, 20, 21, 22, 28, 29, 30, 31, 34, 35, 37, 40, 41, 43, 44, 47, 56, 57, 59, 60, 62, 64, 67, 73, 74, 75, 76, 77, 80, 97, 99, 100, 103, 104, 105, 106, 107, 109, 110, 111, 112, 113, 115, 116, 117, 120, 121, 122, 125, 126, 129, 130, 132, 133, 141, 142, 143, 144, 145, 146, 148, 149, 150, 151, 152, 153, 154, 155, 157, 158, 160, 163, 166, 167, 168, 170, 171, 172, 175, 190, 192, 193, 195, 198, 199, 200, 203, 204, 206, 207, 210, 211, 212, 213, 214, 216, 217, 224, 225, 227, 228, 230, 233, 236, 237, 238, 239, 240, 241, 242, 243, 245, 247, 248, 249, 251, 252, 255, 264, 265, 266, 268, 269, 270, 272, 273, 274, 276, 278, 279, 280, 283, 300, 301, 303, 304, 306, 307, 308, 309, 311, 313, 314, 315, 317, 318, 319, 320, 321, 322, 323, 324, 325, 326, 328, 329, 331, 332, 333, 336, 353, 354, 356, 359, 360, 363, 364, 365, 366, 367, 369, 370, 371, 372, 373, 376, 377, 380, 383, 386, 388, 389, 390, 392, 393, 394, 397, 412, 413, 416, 417, 420, 421, 422, 423, 424, 426, 427, 428, 429, 430, 433, 434, 437, 439, 440, 442, 443, 444, 447, 462, 463, 465, 468, 469, 472, 473, 474, 475, 476, 477, 480, 481, 483, 484, 485, 486, 488, 489, 491, 492, 493, 500, 501, 502, 503, 504, 505, 507, 509, 510, 511, 513, 515, 516, 518, 519, 520, 522, 523, 526, 563, 686, 804, 806, 811, 814, 815, 822, 823, 824, 828, 833, 840, 841, 844, 845, 846, 850, 856, 863, 864, 865, 866, 872, 879, 880, 881, 882, 889, 890, 891, 895, 902, 903, 904, 909, 913, 921, 922, 930, 931, 932, 937, 941, 946, 952, 958, 960, 961, 962, 965, 966, 967, 968, 969, 971, 972, 973, 974, 975, 976, 977, 978, 979, 980, 981, 1004], "summary": {"covered_lines": 329, "num_statements": 468, "percent_covered": 70.2991452991453, "percent_covered_display": "70", "missing_lines": 139, "excluded_lines": 2}, "missing_lines": [535, 536, 538, 540, 541, 544, 545, 546, 547, 548, 549, 551, 552, 553, 554, 556, 558, 559, 560, 580, 582, 583, 586, 589, 590, 593, 596, 599, 600, 601, 602, 603, 604, 609, 615, 618, 621, 622, 627, 630, 631, 632, 634, 635, 636, 637, 642, 643, 645, 646, 648, 649, 651, 652, 654, 655, 656, 657, 660, 661, 663, 664, 665, 668, 669, 670, 671, 672, 674, 675, 676, 677, 682, 683, 708, 709, 712, 713, 714, 715, 719, 721, 722, 723, 724, 725, 726, 729, 730, 736, 737, 738, 741, 743, 745, 746, 747, 749, 750, 753, 754, 755, 756, 761, 762, 763, 764, 768, 769, 770, 773, 774, 775, 776, 778, 779, 780, 781, 782, 785, 786, 787, 788, 789, 790, 793, 794, 796, 797, 798, 800, 801, 982, 983, 989, 990, 991, 992, 1001], "excluded_lines": [1004, 1005], "functions": {"load_config": {"executed_lines": [56, 57, 59, 60, 62, 64], "summary": {"covered_lines": 6, "num_statements": 6, "percent_covered": 100.0, "percent_covered_display": "100", "missing_lines": 0, "excluded_lines": 0}, "missing_lines": [], "excluded_lines": []}, "init_database": {"executed_lines": [73, 74, 75, 76, 77], "summary": {"covered_lines": 5, "num_statements": 5, "percent_covered": 100.0, "percent_covered_display": "100", "missing_lines": 0, "excluded_lines": 0}, "missing_lines": [], "excluded_lines": []}, "run_alert": {"executed_lines": [97, 99, 100, 103, 104, 105, 106, 107, 109, 110, 111, 112, 113, 115, 116, 117, 120, 121, 122, 125, 126, 129, 130, 132, 133, 141, 142, 143, 144, 145, 146, 148, 149, 150, 151, 152, 153, 154, 155, 157, 158, 160, 163, 166, 167, 168, 170, 171, 172], "summary": {"covered_lines": 49, "num_statements": 49, "percent_covered": 100.0, "percent_covered_display": "100", "missing_lines": 0, "excluded_lines": 0}, "missing_lines": [], "excluded_lines": []}, "run_all_alerts": {"executed_lines": [190, 192, 193, 195, 198, 199, 200, 203, 204, 206, 207, 210, 211, 212, 213, 214, 216, 217, 224, 225, 227, 228, 230, 233, 236, 237, 238, 239, 240, 241, 242, 243, 245, 247, 248, 249, 251, 252], "summary": {"covered_lines": 38, "num_statements": 38, "percent_covered": 100.0, "percent_covered_display": "100", "missing_lines": 0, "excluded_lines": 0}, "missing_lines": [], "excluded_lines": []}, "validate_config": {"executed_lines": [264, 265, 266, 268, 269, 270, 272, 273, 274, 276, 278, 279, 280], "summary": {"covered_lines": 13, "num_statements": 13, "percent_covered": 100.0, "percent_covered_display": "100", "missing_lines": 0, "excluded_lines": 0}, "missing_lines": [], "excluded_lines": []}, "show_history": {"executed_lines": [300, 301, 303, 304, 306, 307, 308, 309, 311, 313, 314, 315, 317, 318, 319, 320, 321, 322, 323, 324, 325, 326, 328, 329, 331, 332, 333], "summary": {"covered_lines": 27, "num_statements": 27, "percent_covered": 100.0, "percent_covered_display": "100", "missing_lines": 0, "excluded_lines": 0}, "missing_lines": [], "excluded_lines": []}, "silence_alert": {"executed_lines": [353, 354, 356, 359, 360, 363, 364, 365, 366, 367, 369, 370, 371, 372, 373, 376, 377, 380, 383, 386, 388, 389, 390, 392, 393, 394], "summary": {"covered_lines": 26, "num_statements": 26, "percent_covered": 100.0, "percent_covered_display": "100", "missing_lines": 0, "excluded_lines": 0}, "missing_lines": [], "excluded_lines": []}, "unsilence_alert": {"executed_lines": [412, 413, 416, 417, 420, 421, 422, 423, 424, 426, 427, 428, 429, 430, 433, 434, 437, 439, 440, 442, 443, 444], "summary": {"covered_lines": 22, "num_statements": 22, "percent_covered": 100.0, "percent_covered_display": "100", "missing_lines": 0, "excluded_lines": 0}, "missing_lines": [], "excluded_lines": []}, "show_status": {"executed_lines": [462, 463, 465, 468, 469, 472, 473, 474, 475, 476, 477, 480, 481, 483, 484, 485, 486, 488, 489, 491, 492, 493, 500, 501, 502, 503, 504, 505, 507, 509, 510, 511, 513, 515, 516, 518, 519, 520, 522, 523], "summary": {"covered_lines": 40, "num_statements": 40, "percent_covered": 100.0, "percent_covered_display": "100", "missing_lines": 0, "excluded_lines": 0}, "missing_lines": [], "excluded_lines": []}, "show_metrics": {"executed_lines": [], "summary": {"covered_lines": 0, "num_statements": 19, "percent_covered": 0.0, "percent_covered_display": "0", "missing_lines": 19, "excluded_lines": 0}, "missing_lines": [535, 536, 538, 540, 541, 544, 545, 546, 547, 548, 549, 551, 552, 553, 554, 556, 558, 559, 560], "excluded_lines": []}, "healthcheck": {"executed_lines": [], "summary": {"covered_lines": 0, "num_statements": 55, "percent_covered": 0.0, "percent_covered_display": "0", "missing_lines": 55, "excluded_lines": 0}, "missing_lines": [580, 582, 583, 586, 589, 590, 593, 596, 599, 600, 601, 602, 603, 604, 609, 615, 618, 621, 622, 627, 630, 631, 632, 634, 635, 636, 637, 642, 643, 645, 646, 648, 649, 651, 652, 654, 655, 656, 657, 660, 661, 663, 664, 665, 668, 669, 670, 671, 672, 674, 675, 676, 677, 682, 683], "excluded_lines": []}, "run_daemon": {"executed_lines": [], "summary": {"covered_lines": 0, "num_statements": 55, "percent_covered": 0.0, "percent_covered_display": "0", "missing_lines": 55, "excluded_lines": 0}, "missing_lines": [708, 709, 712, 713, 714, 715, 719, 721, 722, 723, 724, 725, 726, 729, 730, 736, 737, 738, 741, 743, 749, 750, 753, 754, 755, 756, 761, 762, 763, 764, 768, 769, 770, 773, 774, 775, 776, 778, 779, 780, 781, 782, 785, 786, 787, 788, 789, 790, 793, 794, 796, 797, 798, 800, 801], "excluded_lines": []}, "run_daemon.signal_handler": {"executed_lines": [], "summary": {"covered_lines": 0, "num_statements": 3, "percent_covered": 0.0, "percent_covered_display": "0", "missing_lines": 3, "excluded_lines": 0}, "missing_lines": [745, 746, 747], "excluded_lines": []}, "main": {"executed_lines": [806, 811, 814, 815, 822, 823, 824, 828, 833, 840, 841, 844, 845, 846, 850, 856, 863, 864, 865, 866, 872, 879, 880, 881, 882, 889, 890, 891, 895, 902, 903, 904, 909, 913, 921, 922, 930, 931, 932, 937, 941, 946, 952, 958, 960, 961, 962, 965, 966, 967, 968, 969, 971, 972, 973, 974, 975, 976, 977, 978, 979, 980, 981], "summary": {"covered_lines": 63, "num_statements": 70, "percent_covered": 90.0, "percent_covered_display": "90", "missing_lines": 7, "excluded_lines": 0}, "missing_lines": [982, 983, 989, 990, 991, 992, 1001], "excluded_lines": []}, "": {"executed_lines": [1, 3, 4, 5, 6, 7, 8, 9, 10, 12, 13, 15, 16, 17, 18, 19, 20, 21, 22, 28, 29, 30, 31, 34, 35, 37, 40, 41, 43, 44, 47, 67, 80, 175, 255, 283, 336, 397, 447, 526, 563, 686, 804, 1004], "summary": {"covered_lines": 40, "num_statements": 40, "percent_covered": 100.0, "percent_covered_display": "100", "missing_lines": 0, "excluded_lines": 2}, "missing_lines": [], "excluded_lines": [1004, 1005]}}, "classes": {"DatabaseConfig": {"executed_lines": [], "summary": {"covered_lines": 0, "num_statements": 0, "percent_covered": 100.0, "percent_covered_display": "100", "missing_lines": 0, "excluded_lines": 0}, "missing_lines": [], "excluded_lines": []}, "AppConfig": {"executed_lines": [], "summary": {"covered_lines": 0, "num_statements": 0, "percent_covered": 100.0, "percent_covered_display": "100", "missing_lines": 0, "excluded_lines": 0}, "missing_lines": [], "excluded_lines": []}, "": {"executed_lines": [1, 3, 4, 5, 6, 7, 8, 9, 10, 12, 13, 15, 16, 17, 18, 19, 20, 21, 22, 28, 29, 30, 31, 34, 35, 37, 40, 41, 43, 44, 47, 56, 57, 59, 60, 62, 64, 67, 73, 74, 75, 76, 77, 80, 97, 99, 100, 103, 104, 105, 106, 107, 109, 110, 111, 112, 113, 115, 116, 117, 120, 121, 122, 125, 126, 129, 130, 132, 133, 141, 142, 143, 144, 145, 146, 148, 149, 150, 151, 152, 153, 154, 155, 157, 158, 160, 163, 166, 167, 168, 170, 171, 172, 175, 190, 192, 193, 195, 198, 199, 200, 203, 204, 206, 207, 210, 211, 212, 213, 214, 216, 217, 224, 225, 227, 228, 230, 233, 236, 237, 238, 239, 240, 241, 242, 243, 245, 247, 248, 249, 251, 252, 255, 264, 265, 266, 268, 269, 270, 272, 273, 274, 276, 278, 279, 280, 283, 300, 301, 303, 304, 306, 307, 308, 309, 311, 313, 314, 315, 317, 318, 319, 320, 321, 322, 323, 324, 325, 326, 328, 329, 331, 332, 333, 336, 353, 354, 356, 359, 360, 363, 364, 365, 366, 367, 369, 370, 371, 372, 373, 376, 377, 380, 383, 386, 388, 389, 390, 392, 393, 394, 397, 412, 413, 416, 417, 420, 421, 422, 423, 424, 426, 427, 428, 429, 430, 433, 434, 437, 439, 440, 442, 443, 444, 447, 462, 463, 465, 468, 469, 472, 473, 474, 475, 476, 477, 480, 481, 483, 484, 485, 486, 488, 489, 491, 492, 493, 500, 501, 502, 503, 504, 505, 507, 509, 510, 511, 513, 515, 516, 518, 519, 520, 522, 523, 526, 563, 686, 804, 806, 811, 814, 815, 822, 823, 824, 828, 833, 840, 841, 844, 845, 846, 850, 856, 863, 864, 865, 866, 872, 879, 880, 881, 882, 889, 890, 891, 895, 902, 903, 904, 909, 913, 921, 922, 930, 931, 932, 937, 941, 946, 952, 958, 960, 961, 962, 965, 966, 967, 968, 969, 971, 972, 973, 974, 975, 976, 977, 978, 979, 980, 981, 1004], "summary": {"covered_lines": 329, "num_statements": 468, "percent_covered": 70.2991452991453, "percent_covered_display": "70", "missing_lines": 139, "excluded_lines": 2}, "missing_lines": [535, 536, 538, 540, 541, 544, 545, 546, 547, 548, 549, 551, 552, 553, 554, 556, 558, 559, 560, 580, 582, 583, 586, 589, 590, 593, 596, 599, 600, 601, 602, 603, 604, 609, 615, 618, 621, 622, 627, 630, 631, 632, 634, 635, 636, 637, 642, 643, 645, 646, 648, 649, 651, 652, 654, 655, 656, 657, 660, 661, 663, 664, 665, 668, 669, 670, 671, 672, 674, 675, 676, 677, 682, 683, 708, 709, 712, 713, 714, 715, 719, 721, 722, 723, 724, 725, 726, 729, 730, 736, 737, 738, 741, 743, 745, 746, 747, 749, 750, 753, 754, 755, 756, 761, 762, 763, 764, 768, 769, 770, 773, 774, 775, 776, 778, 779, 780, 781, 782, 785, 786, 787, 788, 789, 790, 793, 794, 796, 797, 798, 800, 801, 982, 983, 989, 990, 991, 992, 1001], "excluded_lines": [1004, 1005]}}}, "src/sqlsentinel/config/__init__.py": {"executed_lines": [1, 3, 4, 6], "summary": {"covered_lines": 3, "num_statements": 3, "percent_covered": 100.0, "percent_covered_display": "100", "missing_lines": 0, "excluded_lines": 0}, "missing_lines": [], "excluded_lines": [], "functions": {"": {"executed_lines": [1, 3, 4, 6], "summary": {"covered_lines": 3, "num_statements": 3, "percent_covered": 100.0, "percent_covered_display": "100", "missing_lines": 0, "excluded_lines": 0}, "missing_lines": [], "excluded_lines": []}}, "classes": {"": {"executed_lines": [1, 3, 4, 6], "summary": {"covered_lines": 3, "num_statements": 3, "percent_covered": 100.0, "percent_covered_display": "100", "missing_lines": 0, "excluded_lines": 0}, "missing_lines": [], "excluded_lines": []}}}, "src/sqlsentinel/config/loader.py": {"executed_lines": [1, 3, 4, 6, 8, 11, 12, 14, 20, 22, 31, 32, 34, 35, 37, 38, 39, 40, 41, 45, 46, 48, 49, 51, 53, 65, 66, 67, 68, 70, 71, 73, 74, 76], "summary": {"covered_lines": 32, "num_statements": 34, "percent_covered": 94.11764705882354, "percent_covered_display": "94", "missing_lines": 2, "excluded_lines": 0}, "missing_lines": [42, 43], "excluded_lines": [], "functions": {"ConfigLoader.__init__": {"executed_lines": [20], "summary": {"covered_lines": 1, "num_statements": 1, "percent_covered": 100.0, "percent_covered_display": "100", "missing_lines": 0, "excluded_lines": 0}, "missing_lines": [], "excluded_lines": []}, "ConfigLoader.load": {"executed_lines": [31, 32, 34, 35, 37, 38, 39, 40, 41, 45, 46, 48, 49, 51], "summary": {"covered_lines": 14, "num_statements": 16, "percent_covered": 87.5, "percent_covered_display": "88", "missing_lines": 2, "excluded_lines": 0}, "missing_lines": [42, 43], "excluded_lines": []}, "ConfigLoader.load_from_string": {"executed_lines": [65, 66, 67, 68, 70, 71, 73, 74, 76], "summary": {"covered_lines": 9, "num_statements": 9, "percent_covered": 100.0, "percent_covered_display": "100", "missing_lines": 0, "excluded_lines": 0}, "missing_lines": [], "excluded_lines": []}, "": {"executed_lines": [1, 3, 4, 6, 8, 11, 12, 14, 22, 53], "summary": {"covered_lines": 8, "num_statements": 8, "percent_covered": 100.0, "percent_covered_display": "100", "missing_lines": 0, "excluded_lines": 0}, "missing_lines": [], "excluded_lines": []}}, "classes": {"ConfigLoader": {"executed_lines": [20, 31, 32, 34, 35, 37, 38, 39, 40, 41, 45, 46, 48, 49, 51, 65, 66, 67, 68, 70, 71, 73, 74, 76], "summary": {"covered_lines": 24, "num_statements": 26, "percent_covered": 92.3076923076923, "percent_covered_display": "92", "missing_lines": 2, "excluded_lines": 0}, "missing_lines": [42, 43], "excluded_lines": []}, "": {"executed_lines": [1, 3, 4, 6, 8, 11, 12, 14, 22, 53], "summary": {"covered_lines": 8, "num_statements": 8, "percent_covered": 100.0, "percent_covered_display": "100", "missing_lines": 0, "excluded_lines": 0}, "missing_lines": [], "excluded_lines": []}}}, "src/sqlsentinel/config/validator.py": {"executed_lines": [1, 3, 5, 7, 8, 9, 18, 19, 21, 33, 34, 36, 37, 38, 40, 41, 43, 44, 45, 47, 48, 50, 51, 52, 53, 54, 55, 58, 59, 60, 61, 63, 65, 79, 80, 81, 82, 84, 85, 86, 87, 88, 89, 95, 98, 100, 101, 102, 103, 104, 105, 109, 110, 111, 115], "summary": {"covered_lines": 53, "num_statements": 54, "percent_covered": 98.14814814814815, "percent_covered_display": "98", "missing_lines": 1, "excluded_lines": 0}, "missing_lines": [107], "excluded_lines": [], "functions": {"ConfigValidator.validate": {"executed_lines": [33, 34, 36, 37, 38, 40, 41, 43, 44, 45, 47, 48, 50, 51, 52, 53, 54, 55, 58, 59, 60, 61, 63], "summary": {"covered_lines": 23, "num_statements": 23, "percent_covered": 100.0, "percent_covered_display": "100", "missing_lines": 0, "excluded_lines": 0}, "missing_lines": [], "excluded_lines": []}, "ConfigValidator._transform_notifications": {"executed_lines": [79, 80, 81, 82, 84, 85, 86, 87, 88, 89, 95, 98, 100, 101, 102, 103, 104, 105, 109, 110, 111, 115], "summary": {"covered_lines": 22, "num_statements": 23, "percent_covered": 95.65217391304348, "percent_covered_display": "96", "missing_lines": 1, "excluded_lines": 0}, "missing_lines": [107], "excluded_lines": []}, "": {"executed_lines": [1, 3, 5, 7, 8, 9, 18, 19, 21, 65], "summary": {"covered_lines": 8, "num_statements": 8, "percent_covered": 100.0, "percent_covered_display": "100", "missing_lines": 0, "excluded_lines": 0}, "missing_lines": [], "excluded_lines": []}}, "classes": {"ConfigValidator": {"executed_lines": [33, 34, 36, 37, 38, 40, 41, 43, 44, 45, 47, 48, 50, 51, 52, 53, 54, 55, 58, 59, 60, 61, 63, 79, 80, 81, 82, 84, 85, 86, 87, 88, 89, 95, 98, 100, 101, 102, 103, 104, 105, 109, 110, 111, 115], "summary": {"covered_lines": 45, "num_statements": 46, "percent_covered": 97.82608695652173, "percent_covered_display": "98", "missing_lines": 1, "excluded_lines": 0}, "missing_lines": [107], "excluded_lines": []}, "": {"executed_lines": [1, 3, 5, 7, 8, 9, 18, 19, 21, 65], "summary": {"covered_lines": 8, "num_statements": 8, "percent_covered": 100.0, "percent_covered_display": "100", "missing_lines": 0, "excluded_lines": 0}, "missing_lines": [], "excluded_lines": []}}}, "src/sqlsentinel/database/__init__.py": {"executed_lines": [1, 3, 4, 5, 7], "summary": {"covered_lines": 4, "num_statements": 4, "percent_covered": 100.0, "percent_covered_display": "100", "missing_lines": 0, "excluded_lines": 0}, "missing_lines": [], "excluded_lines": [], "functions": {"": {"executed_lines": [1, 3, 4, 5, 7], "summary": {"covered_lines": 4, "num_statements": 4, "percent_covered": 100.0, "percent_covered_display": "100", "missing_lines": 0, "excluded_lines": 0}, "missing_lines": [], "excluded_lines": []}}, "classes": {"": {"executed_lines": [1, 3, 4, 5, 7], "summary": {"covered_lines": 4, "num_statements": 4, "percent_covered": 100.0, "percent_covered_display": "100", "missing_lines": 0, "excluded_lines": 0}, "missing_lines": [], "excluded_lines": []}}}, "src/sqlsentinel/database/adapter.py": {"executed_lines": [1, 3, 5, 6, 7, 9, 12, 13, 15, 24, 25, 27, 28, 30, 36, 37, 39, 40, 41, 42, 46, 48, 49, 50, 52, 64, 65, 67, 68, 70, 71, 72, 74, 75, 76, 77, 78, 79, 80, 84, 86, 87, 89, 91], "summary": {"covered_lines": 42, "num_statements": 46, "percent_covered": 91.30434782608695, "percent_covered_display": "91", "missing_lines": 4, "excluded_lines": 0}, "missing_lines": [43, 44, 81, 82], "excluded_lines": [], "functions": {"DatabaseAdapter.__init__": {"executed_lines": [24, 25, 27, 28], "summary": {"covered_lines": 4, "num_statements": 4, "percent_covered": 100.0, "percent_covered_display": "100", "missing_lines": 0, "excluded_lines": 0}, "missing_lines": [], "excluded_lines": []}, "DatabaseAdapter.connect": {"executed_lines": [36, 37, 39, 40, 41, 42], "summary": {"covered_lines": 6, "num_statements": 8, "percent_covered": 75.0, "percent_covered_display": "75", "missing_lines": 2, "excluded_lines": 0}, "missing_lines": [43, 44], "excluded_lines": []}, "DatabaseAdapter.disconnect": {"executed_lines": [48, 49, 50], "summary": {"covered_lines": 3, "num_statements": 3, "percent_covered": 100.0, "percent_covered_display": "100", "missing_lines": 0, "excluded_lines": 0}, "missing_lines": [], "excluded_lines": []}, "DatabaseAdapter.execute_query": {"executed_lines": [64, 65, 67, 68, 70, 71, 72, 74, 75, 76, 77, 78, 79, 80], "summary": {"covered_lines": 14, "num_statements": 16, "percent_covered": 87.5, "percent_covered_display": "88", "missing_lines": 2, "excluded_lines": 0}, "missing_lines": [81, 82], "excluded_lines": []}, "DatabaseAdapter.__enter__": {"executed_lines": [86, 87], "summary": {"covered_lines": 2, "num_statements": 2, "percent_covered": 100.0, "percent_covered_display": "100", "missing_lines": 0, "excluded_lines": 0}, "missing_lines": [], "excluded_lines": []}, "DatabaseAdapter.__exit__": {"executed_lines": [91], "summary": {"covered_lines": 1, "num_statements": 1, "percent_covered": 100.0, "percent_covered_display": "100", "missing_lines": 0, "excluded_lines": 0}, "missing_lines": [], "excluded_lines": []}, "": {"executed_lines": [1, 3, 5, 6, 7, 9, 12, 13, 15, 30, 46, 52, 84, 89], "summary": {"covered_lines": 12, "num_statements": 12, "percent_covered": 100.0, "percent_covered_display": "100", "missing_lines": 0, "excluded_lines": 0}, "missing_lines": [], "excluded_lines": []}}, "classes": {"DatabaseAdapter": {"executed_lines": [24, 25, 27, 28, 36, 37, 39, 40, 41, 42, 48, 49, 50, 64, 65, 67, 68, 70, 71, 72, 74, 75, 76, 77, 78, 79, 80, 86, 87, 91], "summary": {"covered_lines": 30, "num_statements": 34, "percent_covered": 88.23529411764706, "percent_covered_display": "88", "missing_lines": 4, "excluded_lines": 0}, "missing_lines": [43, 44, 81, 82], "excluded_lines": []}, "": {"executed_lines": [1, 3, 5, 6, 7, 9, 12, 13, 15, 30, 46, 52, 84, 89], "summary": {"covered_lines": 12, "num_statements": 12, "percent_covered": 100.0, "percent_covered_display": "100", "missing_lines": 0, "excluded_lines": 0}, "missing_lines": [], "excluded_lines": []}}}, "src/sqlsentinel/database/bigquery_adapter.py": {"executed_lines": [1, 3, 4, 6, 7, 8, 9, 11, 14, 15, 22, 42, 43, 45, 46, 47, 48, 49, 51, 61, 63, 64, 66, 67, 70, 76, 79, 87, 89, 91, 92, 93, 98, 100, 102, 103, 104, 106, 121, 122, 124, 125, 127, 129, 130, 131, 134, 137, 140, 141, 143, 145, 146, 148, 150, 151, 152, 153, 155, 170, 171, 173, 174, 176, 178, 179, 183, 186, 190, 191, 193, 199, 200, 202, 212, 214, 215, 216, 217, 218, 220, 221, 223, 224, 226, 227, 229, 232, 234, 236, 238, 239, 241, 243], "summary": {"covered_lines": 92, "num_statements": 95, "percent_covered": 96.84210526315789, "percent_covered_display": "97", "missing_lines": 3, "excluded_lines": 0}, "missing_lines": [90, 94, 180], "excluded_lines": [], "functions": {"BigQueryAdapter.__init__": {"executed_lines": [42, 43, 45, 46, 47, 48, 49], "summary": {"covered_lines": 7, "num_statements": 7, "percent_covered": 100.0, "percent_covered_display": "100", "missing_lines": 0, "excluded_lines": 0}, "missing_lines": [], "excluded_lines": []}, "BigQueryAdapter.connect": {"executed_lines": [61, 63, 64, 66, 67, 70, 76, 79, 87, 89, 91, 92, 93, 98], "summary": {"covered_lines": 14, "num_statements": 16, "percent_covered": 87.5, "percent_covered_display": "88", "missing_lines": 2, "excluded_lines": 0}, "missing_lines": [90, 94], "excluded_lines": []}, "BigQueryAdapter.disconnect": {"executed_lines": [102, 103, 104], "summary": {"covered_lines": 3, "num_statements": 3, "percent_covered": 100.0, "percent_covered_display": "100", "missing_lines": 0, "excluded_lines": 0}, "missing_lines": [], "excluded_lines": []}, "BigQueryAdapter.execute_query": {"executed_lines": [121, 122, 124, 125, 127, 129, 130, 131, 134, 137, 140, 141, 143, 145, 146, 148, 150, 151, 152, 153], "summary": {"covered_lines": 20, "num_statements": 20, "percent_covered": 100.0, "percent_covered_display": "100", "missing_lines": 0, "excluded_lines": 0}, "missing_lines": [], "excluded_lines": []}, "BigQueryAdapter.dry_run": {"executed_lines": [170, 171, 173, 174, 176, 178, 179, 183, 186, 190, 191, 193, 199, 200], "summary": {"covered_lines": 14, "num_statements": 15, "percent_covered": 93.33333333333333, "percent_covered_display": "93", "missing_lines": 1, "excluded_lines": 0}, "missing_lines": [180], "excluded_lines": []}, "BigQueryAdapter._convert_bigquery_types": {"executed_lines": [212, 214, 215, 216, 217, 218, 220, 221, 223, 224, 226, 227, 229, 232, 234], "summary": {"covered_lines": 15, "num_statements": 15, "percent_covered": 100.0, "percent_covered_display": "100", "missing_lines": 0, "excluded_lines": 0}, "missing_lines": [], "excluded_lines": []}, "BigQueryAdapter.__enter__": {"executed_lines": [238, 239], "summary": {"covered_lines": 2, "num_statements": 2, "percent_covered": 100.0, "percent_covered_display": "100", "missing_lines": 0, "excluded_lines": 0}, "missing_lines": [], "excluded_lines": []}, "BigQueryAdapter.__exit__": {"executed_lines": [243], "summary": {"covered_lines": 1, "num_statements": 1, "percent_covered": 100.0, "percent_covered_display": "100", "missing_lines": 0, "excluded_lines": 0}, "missing_lines": [], "excluded_lines": []}, "": {"executed_lines": [1, 3, 4, 6, 7, 8, 9, 11, 14, 15, 22, 51, 100, 106, 155, 202, 236, 241], "summary": {"covered_lines": 16, "num_statements": 16, "percent_covered": 100.0, "percent_covered_display": "100", "missing_lines": 0, "excluded_lines": 0}, "missing_lines": [], "excluded_lines": []}}, "classes": {"BigQueryAdapter": {"executed_lines": [42, 43, 45, 46, 47, 48, 49, 61, 63, 64, 66, 67, 70, 76, 79, 87, 89, 91, 92, 93, 98, 102, 103, 104, 121, 122, 124, 125, 127, 129, 130, 131, 134, 137, 140, 141, 143, 145, 146, 148, 150, 151, 152, 153, 170, 171, 173, 174, 176, 178, 179, 183, 186, 190, 191, 193, 199, 200, 212, 214, 215, 216, 217, 218, 220, 221, 223, 224, 226, 227, 229, 232, 234, 238, 239, 243], "summary": {"covered_lines": 76, "num_statements": 79, "percent_covered": 96.20253164556962, "percent_covered_display": "96", "missing_lines": 3, "excluded_lines": 0}, "missing_lines": [90, 94, 180], "excluded_lines": []}, "": {"executed_lines": [1, 3, 4, 6, 7, 8, 9, 11, 14, 15, 22, 51, 100, 106, 155, 202, 236, 241], "summary": {"covered_lines": 16, "num_statements": 16, "percent_covered": 100.0, "percent_covered_display": "100", "missing_lines": 0, "excluded_lines": 0}, "missing_lines": [], "excluded_lines": []}}}, "src/sqlsentinel/database/factory.py": {"executed_lines": [1, 3, 4, 6, 7, 10, 11, 22, 23, 46, 47, 49, 52, 54, 55, 58, 60, 61, 76, 79, 80, 81, 87, 88, 90, 93, 96, 97, 98, 101, 102, 103, 106], "summary": {"covered_lines": 31, "num_statements": 31, "percent_covered": 100.0, "percent_covered_display": "100", "missing_lines": 0, "excluded_lines": 0}, "missing_lines": [], "excluded_lines": [], "functions": {"AdapterFactory.create_adapter": {"executed_lines": [46, 47, 49, 52, 54, 55, 58], "summary": {"covered_lines": 7, "num_statements": 7, "percent_covered": 100.0, "percent_covered_display": "100", "missing_lines": 0, "excluded_lines": 0}, "missing_lines": [], "excluded_lines": []}, "AdapterFactory._create_bigquery_adapter": {"executed_lines": [76, 79, 80, 81, 87, 88, 90, 93, 96, 97, 98, 101, 102, 103, 106], "summary": {"covered_lines": 15, "num_statements": 15, "percent_covered": 100.0, "percent_covered_display": "100", "missing_lines": 0, "excluded_lines": 0}, "missing_lines": [], "excluded_lines": []}, "": {"executed_lines": [1, 3, 4, 6, 7, 10, 11, 22, 23, 60, 61], "summary": {"covered_lines": 9, "num_statements": 9, "percent_covered": 100.0, "percent_covered_display": "100", "missing_lines": 0, "excluded_lines": 0}, "missing_lines": [], "excluded_lines": []}}, "classes": {"AdapterFactory": {"executed_lines": [46, 47, 49, 52, 54, 55, 58, 76, 79, 80, 81, 87, 88, 90, 93, 96, 97, 98, 101, 102, 103, 106], "summary": {"covered_lines": 22, "num_statements": 22, "percent_covered": 100.0, "percent_covered_display": "100", "missing_lines": 0, "excluded_lines": 0}, "missing_lines": [], "excluded_lines": []}, "": {"executed_lines": [1, 3, 4, 6, 7, 10, 11, 22, 23, 60, 61], "summary": {"covered_lines": 9, "num_statements": 9, "percent_covered": 100.0, "percent_covered_display": "100", "missing_lines": 0, "excluded_lines": 0}, "missing_lines": [], "excluded_lines": []}}}, "src/sqlsentinel/database/schema.py": {"executed_lines": [1, 4, 16, 17, 19, 22, 23, 25, 31, 32, 33, 35, 38, 57, 75, 86, 92, 93, 97, 105, 106, 110, 116, 118, 122, 131, 132, 133, 136, 150, 151, 152, 153, 154, 155], "summary": {"covered_lines": 33, "num_statements": 39, "percent_covered": 84.61538461538461, "percent_covered_display": "85", "missing_lines": 6, "excluded_lines": 0}, "missing_lines": [94, 95, 107, 108, 119, 120], "excluded_lines": [], "functions": {"SchemaManager.__init__": {"executed_lines": [31, 32, 33], "summary": {"covered_lines": 3, "num_statements": 3, "percent_covered": 100.0, "percent_covered_display": "100", "missing_lines": 0, "excluded_lines": 0}, "missing_lines": [], "excluded_lines": []}, "SchemaManager._define_tables": {"executed_lines": [38, 57, 75], "summary": {"covered_lines": 3, "num_statements": 3, "percent_covered": 100.0, "percent_covered_display": "100", "missing_lines": 0, "excluded_lines": 0}, "missing_lines": [], "excluded_lines": []}, "SchemaManager.create_schema": {"executed_lines": [92, 93], "summary": {"covered_lines": 2, "num_statements": 4, "percent_covered": 50.0, "percent_covered_display": "50", "missing_lines": 2, "excluded_lines": 0}, "missing_lines": [94, 95], "excluded_lines": []}, "SchemaManager.drop_schema": {"executed_lines": [105, 106], "summary": {"covered_lines": 2, "num_statements": 4, "percent_covered": 50.0, "percent_covered_display": "50", "missing_lines": 2, "excluded_lines": 0}, "missing_lines": [107, 108], "excluded_lines": []}, "SchemaManager.schema_exists": {"executed_lines": [116, 118], "summary": {"covered_lines": 2, "num_statements": 4, "percent_covered": 50.0, "percent_covered_display": "50", "missing_lines": 2, "excluded_lines": 0}, "missing_lines": [119, 120], "excluded_lines": []}, "SchemaManager.initialize_schema": {"executed_lines": [131, 132, 133], "summary": {"covered_lines": 3, "num_statements": 3, "percent_covered": 100.0, "percent_covered_display": "100", "missing_lines": 0, "excluded_lines": 0}, "missing_lines": [], "excluded_lines": []}, "create_schema_from_connection_string": {"executed_lines": [150, 151, 152, 153, 154, 155], "summary": {"covered_lines": 6, "num_statements": 6, "percent_covered": 100.0, "percent_covered_display": "100", "missing_lines": 0, "excluded_lines": 0}, "missing_lines": [], "excluded_lines": []}, "": {"executed_lines": [1, 4, 16, 17, 19, 22, 23, 25, 35, 86, 97, 110, 122, 136], "summary": {"covered_lines": 12, "num_statements": 12, "percent_covered": 100.0, "percent_covered_display": "100", "missing_lines": 0, "excluded_lines": 0}, "missing_lines": [], "excluded_lines": []}}, "classes": {"SchemaManager": {"executed_lines": [31, 32, 33, 38, 57, 75, 92, 93, 105, 106, 116, 118, 131, 132, 133], "summary": {"covered_lines": 15, "num_statements": 21, "percent_covered": 71.42857142857143, "percent_covered_display": "71", "missing_lines": 6, "excluded_lines": 0}, "missing_lines": [94, 95, 107, 108, 119, 120], "excluded_lines": []}, "": {"executed_lines": [1, 4, 16, 17, 19, 22, 23, 25, 35, 86, 97, 110, 122, 136, 150, 151, 152, 153, 154, 155], "summary": {"covered_lines": 18, "num_statements": 18, "percent_covered": 100.0, "percent_covered_display": "100", "missing_lines": 0, "excluded_lines": 0}, "missing_lines": [], "excluded_lines": []}}}, "src/sqlsentinel/executor/__init__.py": {"executed_lines": [1, 3, 5], "summary": {"covered_lines": 2, "num_statements": 2, "percent_covered": 100.0, "percent_covered_display": "100", "missing_lines": 0, "excluded_lines": 0}, "missing_lines": [], "excluded_lines": [], "functions": {"": {"executed_lines": [1, 3, 5], "summary": {"covered_lines": 2, "num_statements": 2, "percent_covered": 100.0, "percent_covered_display": "100", "missing_lines": 0, "excluded_lines": 0}, "missing_lines": [], "excluded_lines": []}}, "classes": {"": {"executed_lines": [1, 3, 5], "summary": {"covered_lines": 2, "num_statements": 2, "percent_covered": 100.0, "percent_covered_display": "100", "missing_lines": 0, "excluded_lines": 0}, "missing_lines": [], "excluded_lines": []}}}, "src/sqlsentinel/executor/alert_executor.py": {"executed_lines": [1, 3, 4, 5, 7, 9, 10, 11, 12, 13, 14, 15, 16, 19, 20, 22, 35, 36, 37, 38, 39, 41, 69, 70, 71, 72, 73, 75, 77, 80, 81, 84, 90, 91, 92, 93, 96, 97, 98, 99, 101, 104, 105, 107, 108, 109, 112, 115, 116, 130, 133, 134, 135, 136, 138, 141, 142, 144, 145, 155], "summary": {"covered_lines": 58, "num_statements": 60, "percent_covered": 96.66666666666667, "percent_covered_display": "97", "missing_lines": 2, "excluded_lines": 0}, "missing_lines": [150, 152], "excluded_lines": [], "functions": {"AlertExecutor.__init__": {"executed_lines": [35, 36, 37, 38, 39], "summary": {"covered_lines": 5, "num_statements": 5, "percent_covered": 100.0, "percent_covered_display": "100", "missing_lines": 0, "excluded_lines": 0}, "missing_lines": [], "excluded_lines": []}, "AlertExecutor.execute_alert": {"executed_lines": [69, 70, 71, 72, 73, 75, 77, 80, 81, 84, 90, 91, 92, 93, 96, 97, 98, 99, 101, 104, 105, 107, 108, 109, 112, 115, 116, 130, 133, 134, 135, 136, 138, 141, 142, 144, 145, 155], "summary": {"covered_lines": 38, "num_statements": 40, "percent_covered": 95.0, "percent_covered_display": "95", "missing_lines": 2, "excluded_lines": 0}, "missing_lines": [150, 152], "excluded_lines": []}, "": {"executed_lines": [1, 3, 4, 5, 7, 9, 10, 11, 12, 13, 14, 15, 16, 19, 20, 22, 41], "summary": {"covered_lines": 15, "num_statements": 15, "percent_covered": 100.0, "percent_covered_display": "100", "missing_lines": 0, "excluded_lines": 0}, "missing_lines": [], "excluded_lines": []}}, "classes": {"AlertExecutor": {"executed_lines": [35, 36, 37, 38, 39, 69, 70, 71, 72, 73, 75, 77, 80, 81, 84, 90, 91, 92, 93, 96, 97, 98, 99, 101, 104, 105, 107, 108, 109, 112, 115, 116, 130, 133, 134, 135, 136, 138, 141, 142, 144, 145, 155], "summary": {"covered_lines": 43, "num_statements": 45, "percent_covered": 95.55555555555556, "percent_covered_display": "96", "missing_lines": 2, "excluded_lines": 0}, "missing_lines": [150, 152], "excluded_lines": []}, "": {"executed_lines": [1, 3, 4, 5, 7, 9, 10, 11, 12, 13, 14, 15, 16, 19, 20, 22, 41], "summary": {"covered_lines": 15, "num_statements": 15, "percent_covered": 100.0, "percent_covered_display": "100", "missing_lines": 0, "excluded_lines": 0}, "missing_lines": [], "excluded_lines": []}}}, "src/sqlsentinel/executor/history.py": {"executed_lines": [1, 3, 4, 5, 7, 8, 9, 11, 14, 15, 17, 50, 51, 52, 53, 54, 55, 56, 57, 58, 59, 60, 61, 62, 65, 66, 68, 74, 76, 88, 90, 92, 93, 141, 146, 165, 166, 167, 168, 190, 195, 216, 218, 219, 221, 222, 223, 224, 229, 230, 231, 233, 251, 256, 268, 269, 271, 284, 285, 287, 288, 289, 293, 294, 295, 306, 316, 321, 334, 335, 337, 338, 340, 341, 343, 345, 364, 365, 376], "summary": {"covered_lines": 76, "num_statements": 87, "percent_covered": 87.35632183908046, "percent_covered_display": "87", "missing_lines": 11, "excluded_lines": 0}, "missing_lines": [143, 144, 225, 226, 253, 254, 318, 319, 366, 386, 387], "excluded_lines": [], "functions": {"ExecutionRecord.__init__": {"executed_lines": [50, 51, 52, 53, 54, 55, 56, 57, 58, 59, 60, 61, 62], "summary": {"covered_lines": 13, "num_statements": 13, "percent_covered": 100.0, "percent_covered_display": "100", "missing_lines": 0, "excluded_lines": 0}, "missing_lines": [], "excluded_lines": []}, "ExecutionHistory.__init__": {"executed_lines": [74], "summary": {"covered_lines": 1, "num_statements": 1, "percent_covered": 100.0, "percent_covered_display": "100", "missing_lines": 0, "excluded_lines": 0}, "missing_lines": [], "excluded_lines": []}, "ExecutionHistory.record_execution": {"executed_lines": [88, 90, 92, 93, 141], "summary": {"covered_lines": 5, "num_statements": 7, "percent_covered": 71.42857142857143, "percent_covered_display": "71", "missing_lines": 2, "excluded_lines": 0}, "missing_lines": [143, 144], "excluded_lines": []}, "ExecutionHistory.get_executions": {"executed_lines": [165, 166, 167, 168, 190, 195, 216, 218, 219, 221, 222, 223, 224, 229, 230, 231, 233, 251], "summary": {"covered_lines": 18, "num_statements": 22, "percent_covered": 81.81818181818181, "percent_covered_display": "82", "missing_lines": 4, "excluded_lines": 0}, "missing_lines": [225, 226, 253, 254], "excluded_lines": []}, "ExecutionHistory.get_latest_execution": {"executed_lines": [268, 269], "summary": {"covered_lines": 2, "num_statements": 2, "percent_covered": 100.0, "percent_covered_display": "100", "missing_lines": 0, "excluded_lines": 0}, "missing_lines": [], "excluded_lines": []}, "ExecutionHistory.delete_old_executions": {"executed_lines": [284, 285, 287, 288, 289, 293, 294, 295, 306, 316], "summary": {"covered_lines": 10, "num_statements": 12, "percent_covered": 83.33333333333333, "percent_covered_display": "83", "missing_lines": 2, "excluded_lines": 0}, "missing_lines": [318, 319], "excluded_lines": []}, "ExecutionHistory.get_statistics": {"executed_lines": [334, 335, 337, 338, 340, 341, 343, 345, 364, 365, 376], "summary": {"covered_lines": 11, "num_statements": 14, "percent_covered": 78.57142857142857, "percent_covered_display": "79", "missing_lines": 3, "excluded_lines": 0}, "missing_lines": [366, 386, 387], "excluded_lines": []}, "": {"executed_lines": [1, 3, 4, 5, 7, 8, 9, 11, 14, 15, 17, 65, 66, 68, 76, 146, 256, 271, 321], "summary": {"covered_lines": 16, "num_statements": 16, "percent_covered": 100.0, "percent_covered_display": "100", "missing_lines": 0, "excluded_lines": 0}, "missing_lines": [], "excluded_lines": []}}, "classes": {"ExecutionRecord": {"executed_lines": [50, 51, 52, 53, 54, 55, 56, 57, 58, 59, 60, 61, 62], "summary": {"covered_lines": 13, "num_statements": 13, "percent_covered": 100.0, "percent_covered_display": "100", "missing_lines": 0, "excluded_lines": 0}, "missing_lines": [], "excluded_lines": []}, "ExecutionHistory": {"executed_lines": [74, 88, 90, 92, 93, 141, 165, 166, 167, 168, 190, 195, 216, 218, 219, 221, 222, 223, 224, 229, 230, 231, 233, 251, 268, 269, 284, 285, 287, 288, 289, 293, 294, 295, 306, 316, 334, 335, 337, 338, 340, 341, 343, 345, 364, 365, 376], "summary": {"covered_lines": 47, "num_statements": 58, "percent_covered": 81.03448275862068, "percent_covered_display": "81", "missing_lines": 11, "excluded_lines": 0}, "missing_lines": [143, 144, 225, 226, 253, 254, 318, 319, 366, 386, 387], "excluded_lines": []}, "": {"executed_lines": [1, 3, 4, 5, 7, 8, 9, 11, 14, 15, 17, 65, 66, 68, 76, 146, 256, 271, 321], "summary": {"covered_lines": 16, "num_statements": 16, "percent_covered": 100.0, "percent_covered_display": "100", "missing_lines": 0, "excluded_lines": 0}, "missing_lines": [], "excluded_lines": []}}}, "src/sqlsentinel/executor/query.py": {"executed_lines": [1, 3, 4, 5, 8, 9, 11, 17, 19, 33, 36, 37, 42, 43, 47, 50, 51, 52, 58, 59, 60, 63, 65, 66, 72, 73, 75, 89, 90, 91, 92, 93, 94, 95], "summary": {"covered_lines": 32, "num_statements": 32, "percent_covered": 100.0, "percent_covered_display": "100", "missing_lines": 0, "excluded_lines": 0}, "missing_lines": [], "excluded_lines": [], "functions": {"QueryExecutor.__init__": {"executed_lines": [17], "summary": {"covered_lines": 1, "num_statements": 1, "percent_covered": 100.0, "percent_covered_display": "100", "missing_lines": 0, "excluded_lines": 0}, "missing_lines": [], "excluded_lines": []}, "QueryExecutor.execute": {"executed_lines": [33, 36, 37, 42, 43, 47, 50, 51, 52, 58, 59, 60, 63, 65, 66, 72, 73], "summary": {"covered_lines": 17, "num_statements": 17, "percent_covered": 100.0, "percent_covered_display": "100", "missing_lines": 0, "excluded_lines": 0}, "missing_lines": [], "excluded_lines": []}, "QueryExecutor.validate_query_contract": {"executed_lines": [89, 90, 91, 92, 93, 94, 95], "summary": {"covered_lines": 7, "num_statements": 7, "percent_covered": 100.0, "percent_covered_display": "100", "missing_lines": 0, "excluded_lines": 0}, "missing_lines": [], "excluded_lines": []}, "": {"executed_lines": [1, 3, 4, 5, 8, 9, 11, 19, 75], "summary": {"covered_lines": 7, "num_statements": 7, "percent_covered": 100.0, "percent_covered_display": "100", "missing_lines": 0, "excluded_lines": 0}, "missing_lines": [], "excluded_lines": []}}, "classes": {"QueryExecutor": {"executed_lines": [17, 33, 36, 37, 42, 43, 47, 50, 51, 52, 58, 59, 60, 63, 65, 66, 72, 73, 89, 90, 91, 92, 93, 94, 95], "summary": {"covered_lines": 25, "num_statements": 25, "percent_covered": 100.0, "percent_covered_display": "100", "missing_lines": 0, "excluded_lines": 0}, "missing_lines": [], "excluded_lines": []}, "": {"executed_lines": [1, 3, 4, 5, 8, 9, 11, 19, 75], "summary": {"covered_lines": 7, "num_statements": 7, "percent_covered": 100.0, "percent_covered_display": "100", "missing_lines": 0, "excluded_lines": 0}, "missing_lines": [], "excluded_lines": []}}}, "src/sqlsentinel/executor/state.py": {"executed_lines": [1, 3, 4, 5, 7, 8, 9, 11, 13, 16, 17, 19, 50, 51, 52, 53, 54, 55, 56, 57, 58, 59, 60, 61, 63, 69, 70, 71, 73, 82, 84, 95, 96, 99, 100, 103, 107, 108, 109, 110, 113, 114, 117, 120, 121, 123, 129, 131, 140, 141, 142, 144, 146, 149, 161, 162, 163, 185, 187, 189, 191, 208, 224, 227, 228, 234, 235, 236, 237, 238, 239, 240, 241, 242, 243, 244, 245, 247, 248, 249, 250, 251, 253, 254, 256, 286, 287, 337, 347, 348, 350, 352, 353, 355, 373, 374, 416, 425, 426, 427, 445, 454, 455, 456, 457, 459, 464, 484, 493, 494, 495, 497, 516, 525, 526, 527, 528, 530, 534, 554, 563, 564, 565, 566], "summary": {"covered_lines": 121, "num_statements": 145, "percent_covered": 83.44827586206897, "percent_covered_display": "83", "missing_lines": 24, "excluded_lines": 0}, "missing_lines": [104, 143, 147, 205, 206, 333, 334, 335, 413, 414, 442, 443, 480, 481, 482, 512, 513, 514, 550, 551, 552, 575, 576, 577], "excluded_lines": [], "functions": {"AlertState.__init__": {"executed_lines": [50, 51, 52, 53, 54, 55, 56, 57, 58, 59, 60, 61], "summary": {"covered_lines": 12, "num_statements": 12, "percent_covered": 100.0, "percent_covered_display": "100", "missing_lines": 0, "excluded_lines": 0}, "missing_lines": [], "excluded_lines": []}, "AlertState.is_silenced": {"executed_lines": [69, 70, 71], "summary": {"covered_lines": 3, "num_statements": 3, "percent_covered": 100.0, "percent_covered_display": "100", "missing_lines": 0, "excluded_lines": 0}, "missing_lines": [], "excluded_lines": []}, "AlertState.should_escalate": {"executed_lines": [82], "summary": {"covered_lines": 1, "num_statements": 1, "percent_covered": 100.0, "percent_covered_display": "100", "missing_lines": 0, "excluded_lines": 0}, "missing_lines": [], "excluded_lines": []}, "AlertState.should_notify": {"executed_lines": [95, 96, 99, 100, 103, 107, 108, 109, 110, 113, 114, 117], "summary": {"covered_lines": 12, "num_statements": 13, "percent_covered": 92.3076923076923, "percent_covered_display": "92", "missing_lines": 1, "excluded_lines": 0}, "missing_lines": [104], "excluded_lines": []}, "StateManager.__init__": {"executed_lines": [129], "summary": {"covered_lines": 1, "num_statements": 1, "percent_covered": 100.0, "percent_covered_display": "100", "missing_lines": 0, "excluded_lines": 0}, "missing_lines": [], "excluded_lines": []}, "StateManager._parse_datetime": {"executed_lines": [140, 141, 142, 144, 146], "summary": {"covered_lines": 5, "num_statements": 7, "percent_covered": 71.42857142857143, "percent_covered_display": "71", "missing_lines": 2, "excluded_lines": 0}, "missing_lines": [143, 147], "excluded_lines": []}, "StateManager.get_state": {"executed_lines": [161, 162, 163, 185, 187, 189, 191], "summary": {"covered_lines": 7, "num_statements": 9, "percent_covered": 77.77777777777777, "percent_covered_display": "78", "missing_lines": 2, "excluded_lines": 0}, "missing_lines": [205, 206], "excluded_lines": []}, "StateManager.update_state": {"executed_lines": [224, 227, 228, 234, 235, 236, 237, 238, 239, 240, 241, 242, 243, 244, 245, 247, 248, 249, 250, 251, 253, 254, 256, 286, 287], "summary": {"covered_lines": 25, "num_statements": 28, "percent_covered": 89.28571428571429, "percent_covered_display": "89", "missing_lines": 3, "excluded_lines": 0}, "missing_lines": [333, 334, 335], "excluded_lines": []}, "StateManager.silence_alert": {"executed_lines": [347, 348, 350, 352, 353, 355, 373, 374], "summary": {"covered_lines": 8, "num_statements": 10, "percent_covered": 80.0, "percent_covered_display": "80", "missing_lines": 2, "excluded_lines": 0}, "missing_lines": [413, 414], "excluded_lines": []}, "StateManager.unsilence_alert": {"executed_lines": [425, 426, 427], "summary": {"covered_lines": 3, "num_statements": 5, "percent_covered": 60.0, "percent_covered_display": "60", "missing_lines": 2, "excluded_lines": 0}, "missing_lines": [442, 443], "excluded_lines": []}, "StateManager.record_notification_failure": {"executed_lines": [454, 455, 456, 457, 459, 464], "summary": {"covered_lines": 6, "num_statements": 9, "percent_covered": 66.66666666666667, "percent_covered_display": "67", "missing_lines": 3, "excluded_lines": 0}, "missing_lines": [480, 481, 482], "excluded_lines": []}, "StateManager.record_notification_success": {"executed_lines": [493, 494, 495, 497], "summary": {"covered_lines": 4, "num_statements": 7, "percent_covered": 57.142857142857146, "percent_covered_display": "57", "missing_lines": 3, "excluded_lines": 0}, "missing_lines": [512, 513, 514], "excluded_lines": []}, "StateManager.record_escalation": {"executed_lines": [525, 526, 527, 528, 530, 534], "summary": {"covered_lines": 6, "num_statements": 9, "percent_covered": 66.66666666666667, "percent_covered_display": "67", "missing_lines": 3, "excluded_lines": 0}, "missing_lines": [550, 551, 552], "excluded_lines": []}, "StateManager.delete_state": {"executed_lines": [563, 564, 565, 566], "summary": {"covered_lines": 4, "num_statements": 7, "percent_covered": 57.142857142857146, "percent_covered_display": "57", "missing_lines": 3, "excluded_lines": 0}, "missing_lines": [575, 576, 577], "excluded_lines": []}, "": {"executed_lines": [1, 3, 4, 5, 7, 8, 9, 11, 13, 16, 17, 19, 63, 73, 84, 120, 121, 123, 131, 149, 208, 337, 416, 445, 484, 516, 554], "summary": {"covered_lines": 24, "num_statements": 24, "percent_covered": 100.0, "percent_covered_display": "100", "missing_lines": 0, "excluded_lines": 0}, "missing_lines": [], "excluded_lines": []}}, "classes": {"AlertState": {"executed_lines": [50, 51, 52, 53, 54, 55, 56, 57, 58, 59, 60, 61, 69, 70, 71, 82, 95, 96, 99, 100, 103, 107, 108, 109, 110, 113, 114, 117], "summary": {"covered_lines": 28, "num_statements": 29, "percent_covered": 96.55172413793103, "percent_covered_display": "97", "missing_lines": 1, "excluded_lines": 0}, "missing_lines": [104], "excluded_lines": []}, "StateManager": {"executed_lines": [129, 140, 141, 142, 144, 146, 161, 162, 163, 185, 187, 189, 191, 224, 227, 228, 234, 235, 236, 237, 238, 239, 240, 241, 242, 243, 244, 245, 247, 248, 249, 250, 251, 253, 254, 256, 286, 287, 347, 348, 350, 352, 353, 355, 373, 374, 425, 426, 427, 454, 455, 456, 457, 459, 464, 493, 494, 495, 497, 525, 526, 527, 528, 530, 534, 563, 564, 565, 566], "summary": {"covered_lines": 69, "num_statements": 92, "percent_covered": 75.0, "percent_covered_display": "75", "missing_lines": 23, "excluded_lines": 0}, "missing_lines": [143, 147, 205, 206, 333, 334, 335, 413, 414, 442, 443, 480, 481, 482, 512, 513, 514, 550, 551, 552, 575, 576, 577], "excluded_lines": []}, "": {"executed_lines": [1, 3, 4, 5, 7, 8, 9, 11, 13, 16, 17, 19, 63, 73, 84, 120, 121, 123, 131, 149, 208, 337, 416, 445, 484, 516, 554], "summary": {"covered_lines": 24, "num_statements": 24, "percent_covered": 100.0, "percent_covered_display": "100", "missing_lines": 0, "excluded_lines": 0}, "missing_lines": [], "excluded_lines": []}}}, "src/sqlsentinel/health/__init__.py": {"executed_lines": [1, 3, 11], "summary": {"covered_lines": 2, "num_statements": 2, "percent_covered": 100.0, "percent_covered_display": "100", "missing_lines": 0, "excluded_lines": 0}, "missing_lines": [], "excluded_lines": [], "functions": {"": {"executed_lines": [1, 3, 11], "summary": {"covered_lines": 2, "num_statements": 2, "percent_covered": 100.0, "percent_covered_display": "100", "missing_lines": 0, "excluded_lines": 0}, "missing_lines": [], "excluded_lines": []}}, "classes": {"": {"executed_lines": [1, 3, 11], "summary": {"covered_lines": 2, "num_statements": 2, "percent_covered": 100.0, "percent_covered_display": "100", "missing_lines": 0, "excluded_lines": 0}, "missing_lines": [], "excluded_lines": []}}}, "src/sqlsentinel/health/checks.py": {"executed_lines": [1, 3, 4, 5, 6, 8, 9, 11, 14, 15, 17, 20, 30, 31, 32, 33, 34, 36, 41, 42, 43, 50, 60, 61, 62, 69, 70, 77, 79, 84, 85, 86, 93, 103, 105, 107, 109, 110, 111, 112, 114, 115, 117, 118, 120, 121, 124, 125, 126, 127, 129, 130, 132, 133, 135, 136, 139, 140, 141, 142, 144, 145, 147, 148, 150, 151, 153, 166, 176, 178, 179, 180, 181, 183], "summary": {"covered_lines": 72, "num_statements": 75, "percent_covered": 96.0, "percent_covered_display": "96", "missing_lines": 3, "excluded_lines": 0}, "missing_lines": [157, 158, 159], "excluded_lines": [], "functions": {"check_database": {"executed_lines": [30, 31, 32, 33, 34, 36, 41, 42, 43], "summary": {"covered_lines": 9, "num_statements": 9, "percent_covered": 100.0, "percent_covered_display": "100", "missing_lines": 0, "excluded_lines": 0}, "missing_lines": [], "excluded_lines": []}, "check_scheduler": {"executed_lines": [60, 61, 62, 69, 70, 77, 79, 84, 85, 86], "summary": {"covered_lines": 10, "num_statements": 10, "percent_covered": 100.0, "percent_covered_display": "100", "missing_lines": 0, "excluded_lines": 0}, "missing_lines": [], "excluded_lines": []}, "check_notifications": {"executed_lines": [103, 105, 107, 109, 110, 111, 112, 114, 115, 117, 118, 120, 121, 124, 125, 126, 127, 129, 130, 132, 133, 135, 136, 139, 140, 141, 142, 144, 145, 147, 148, 150, 151, 153], "summary": {"covered_lines": 34, "num_statements": 37, "percent_covered": 91.89189189189189, "percent_covered_display": "92", "missing_lines": 3, "excluded_lines": 0}, "missing_lines": [157, 158, 159], "excluded_lines": []}, "aggregate_health_status": {"executed_lines": [176, 178, 179, 180, 181, 183], "summary": {"covered_lines": 6, "num_statements": 6, "percent_covered": 100.0, "percent_covered_display": "100", "missing_lines": 0, "excluded_lines": 0}, "missing_lines": [], "excluded_lines": []}, "": {"executed_lines": [1, 3, 4, 5, 6, 8, 9, 11, 14, 15, 17, 20, 50, 93, 166], "summary": {"covered_lines": 13, "num_statements": 13, "percent_covered": 100.0, "percent_covered_display": "100", "missing_lines": 0, "excluded_lines": 0}, "missing_lines": [], "excluded_lines": []}}, "classes": {"HealthCheckError": {"executed_lines": [], "summary": {"covered_lines": 0, "num_statements": 0, "percent_covered": 100.0, "percent_covered_display": "100", "missing_lines": 0, "excluded_lines": 0}, "missing_lines": [], "excluded_lines": []}, "": {"executed_lines": [1, 3, 4, 5, 6, 8, 9, 11, 14, 15, 17, 20, 30, 31, 32, 33, 34, 36, 41, 42, 43, 50, 60, 61, 62, 69, 70, 77, 79, 84, 85, 86, 93, 103, 105, 107, 109, 110, 111, 112, 114, 115, 117, 118, 120, 121, 124, 125, 126, 127, 129, 130, 132, 133, 135, 136, 139, 140, 141, 142, 144, 145, 147, 148, 150, 151, 153, 166, 176, 178, 179, 180, 181, 183], "summary": {"covered_lines": 72, "num_statements": 75, "percent_covered": 96.0, "percent_covered_display": "96", "missing_lines": 3, "excluded_lines": 0}, "missing_lines": [157, 158, 159], "excluded_lines": []}}}, "src/sqlsentinel/logging/__init__.py": {"executed_lines": [1, 3, 11], "summary": {"covered_lines": 2, "num_statements": 2, "percent_covered": 100.0, "percent_covered_display": "100", "missing_lines": 0, "excluded_lines": 0}, "missing_lines": [], "excluded_lines": [], "functions": {"": {"executed_lines": [1, 3, 11], "summary": {"covered_lines": 2, "num_statements": 2, "percent_covered": 100.0, "percent_covered_display": "100", "missing_lines": 0, "excluded_lines": 0}, "missing_lines": [], "excluded_lines": []}}, "classes": {"": {"executed_lines": [1, 3, 11], "summary": {"covered_lines": 2, "num_statements": 2, "percent_covered": 100.0, "percent_covered_display": "100", "missing_lines": 0, "excluded_lines": 0}, "missing_lines": [], "excluded_lines": []}}}, "src/sqlsentinel/logging/config.py": {"executed_lines": [1, 3, 4, 5, 7, 10, 11, 13, 15, 16, 18, 32, 40, 46, 49, 109, 121, 130, 135], "summary": {"covered_lines": 17, "num_statements": 53, "percent_covered": 32.075471698113205, "percent_covered_display": "32", "missing_lines": 36, "excluded_lines": 0}, "missing_lines": [28, 29, 30, 38, 42, 62, 65, 66, 69, 70, 73, 74, 81, 87, 88, 89, 90, 91, 94, 95, 96, 97, 98, 99, 100, 101, 102, 105, 106, 118, 127, 132, 143, 144, 145, 147], "excluded_lines": [], "functions": {"ContextFilter.__init__": {"executed_lines": [15, 16], "summary": {"covered_lines": 2, "num_statements": 2, "percent_covered": 100.0, "percent_covered_display": "100", "missing_lines": 0, "excluded_lines": 0}, "missing_lines": [], "excluded_lines": []}, "ContextFilter.filter": {"executed_lines": [], "summary": {"covered_lines": 0, "num_statements": 3, "percent_covered": 0.0, "percent_covered_display": "0", "missing_lines": 3, "excluded_lines": 0}, "missing_lines": [28, 29, 30], "excluded_lines": []}, "ContextFilter.set_context": {"executed_lines": [], "summary": {"covered_lines": 0, "num_statements": 1, "percent_covered": 0.0, "percent_covered_display": "0", "missing_lines": 1, "excluded_lines": 0}, "missing_lines": [38], "excluded_lines": []}, "ContextFilter.clear_context": {"executed_lines": [], "summary": {"covered_lines": 0, "num_statements": 1, "percent_covered": 0.0, "percent_covered_display": "0", "missing_lines": 1, "excluded_lines": 0}, "missing_lines": [42], "excluded_lines": []}, "configure_logging": {"executed_lines": [], "summary": {"covered_lines": 0, "num_statements": 24, "percent_covered": 0.0, "percent_covered_display": "0", "missing_lines": 24, "excluded_lines": 0}, "missing_lines": [62, 65, 66, 69, 70, 73, 74, 81, 87, 88, 89, 90, 91, 94, 95, 96, 97, 98, 99, 100, 101, 102, 105, 106], "excluded_lines": []}, "get_logger": {"executed_lines": [], "summary": {"covered_lines": 0, "num_statements": 1, "percent_covered": 0.0, "percent_covered_display": "0", "missing_lines": 1, "excluded_lines": 0}, "missing_lines": [118], "excluded_lines": []}, "set_context": {"executed_lines": [], "summary": {"covered_lines": 0, "num_statements": 1, "percent_covered": 0.0, "percent_covered_display": "0", "missing_lines": 1, "excluded_lines": 0}, "missing_lines": [127], "excluded_lines": []}, "clear_context": {"executed_lines": [], "summary": {"covered_lines": 0, "num_statements": 1, "percent_covered": 0.0, "percent_covered_display": "0", "missing_lines": 1, "excluded_lines": 0}, "missing_lines": [132], "excluded_lines": []}, "configure_from_env": {"executed_lines": [], "summary": {"covered_lines": 0, "num_statements": 4, "percent_covered": 0.0, "percent_covered_display": "0", "missing_lines": 4, "excluded_lines": 0}, "missing_lines": [143, 144, 145, 147], "excluded_lines": []}, "": {"executed_lines": [1, 3, 4, 5, 7, 10, 11, 13, 18, 32, 40, 46, 49, 109, 121, 130, 135], "summary": {"covered_lines": 15, "num_statements": 15, "percent_covered": 100.0, "percent_covered_display": "100", "missing_lines": 0, "excluded_lines": 0}, "missing_lines": [], "excluded_lines": []}}, "classes": {"ContextFilter": {"executed_lines": [15, 16], "summary": {"covered_lines": 2, "num_statements": 7, "percent_covered": 28.571428571428573, "percent_covered_display": "29", "missing_lines": 5, "excluded_lines": 0}, "missing_lines": [28, 29, 30, 38, 42], "excluded_lines": []}, "": {"executed_lines": [1, 3, 4, 5, 7, 10, 11, 13, 18, 32, 40, 46, 49, 109, 121, 130, 135], "summary": {"covered_lines": 15, "num_statements": 46, "percent_covered": 32.608695652173914, "percent_covered_display": "33", "missing_lines": 31, "excluded_lines": 0}, "missing_lines": [62, 65, 66, 69, 70, 73, 74, 81, 87, 88, 89, 90, 91, 94, 95, 96, 97, 98, 99, 100, 101, 102, 105, 106, 118, 127, 132, 143, 144, 145, 147], "excluded_lines": []}}}, "src/sqlsentinel/metrics/__init__.py": {"executed_lines": [1, 3, 5], "summary": {"covered_lines": 2, "num_statements": 2, "percent_covered": 100.0, "percent_covered_display": "100", "missing_lines": 0, "excluded_lines": 0}, "missing_lines": [], "excluded_lines": [], "functions": {"": {"executed_lines": [1, 3, 5], "summary": {"covered_lines": 2, "num_statements": 2, "percent_covered": 100.0, "percent_covered_display": "100", "missing_lines": 0, "excluded_lines": 0}, "missing_lines": [], "excluded_lines": []}}, "classes": {"": {"executed_lines": [1, 3, 5], "summary": {"covered_lines": 2, "num_statements": 2, "percent_covered": 100.0, "percent_covered_display": "100", "missing_lines": 0, "excluded_lines": 0}, "missing_lines": [], "excluded_lines": []}}}, "src/sqlsentinel/metrics/collector.py": {"executed_lines": [1, 3, 4, 5, 7, 9, 12, 13, 15, 18, 24, 32, 38, 46, 51, 58, 63, 65, 78, 79, 80, 81, 82, 84, 97, 98, 99, 100, 103, 104, 106, 112, 113, 114, 115, 117, 123, 124, 125, 126, 128, 130, 131, 132, 133, 134, 136, 142, 143, 145, 151, 158, 161, 168, 169, 170, 173, 176], "summary": {"covered_lines": 56, "num_statements": 56, "percent_covered": 100.0, "percent_covered_display": "100", "missing_lines": 0, "excluded_lines": 0}, "missing_lines": [], "excluded_lines": [], "functions": {"MetricsCollector.__init__": {"executed_lines": [18, 24, 32, 38, 46, 51, 58, 63], "summary": {"covered_lines": 8, "num_statements": 8, "percent_covered": 100.0, "percent_covered_display": "100", "missing_lines": 0, "excluded_lines": 0}, "missing_lines": [], "excluded_lines": []}, "MetricsCollector.record_alert_execution": {"executed_lines": [78, 79, 80, 81, 82], "summary": {"covered_lines": 5, "num_statements": 5, "percent_covered": 100.0, "percent_covered_display": "100", "missing_lines": 0, "excluded_lines": 0}, "missing_lines": [], "excluded_lines": []}, "MetricsCollector.record_notification": {"executed_lines": [97, 98, 99, 100, 103, 104], "summary": {"covered_lines": 6, "num_statements": 6, "percent_covered": 100.0, "percent_covered_display": "100", "missing_lines": 0, "excluded_lines": 0}, "missing_lines": [], "excluded_lines": []}, "MetricsCollector.set_scheduler_jobs": {"executed_lines": [112, 113, 114, 115], "summary": {"covered_lines": 4, "num_statements": 4, "percent_covered": 100.0, "percent_covered_display": "100", "missing_lines": 0, "excluded_lines": 0}, "missing_lines": [], "excluded_lines": []}, "MetricsCollector.record_scheduler_job_run": {"executed_lines": [123, 124, 125, 126], "summary": {"covered_lines": 4, "num_statements": 4, "percent_covered": 100.0, "percent_covered_display": "100", "missing_lines": 0, "excluded_lines": 0}, "missing_lines": [], "excluded_lines": []}, "MetricsCollector.update_uptime": {"executed_lines": [130, 131, 132, 133, 134], "summary": {"covered_lines": 5, "num_statements": 5, "percent_covered": 100.0, "percent_covered_display": "100", "missing_lines": 0, "excluded_lines": 0}, "missing_lines": [], "excluded_lines": []}, "MetricsCollector.get_metrics_text": {"executed_lines": [142, 143], "summary": {"covered_lines": 2, "num_statements": 2, "percent_covered": 100.0, "percent_covered_display": "100", "missing_lines": 0, "excluded_lines": 0}, "missing_lines": [], "excluded_lines": []}, "MetricsCollector.get_metrics_dict": {"executed_lines": [151], "summary": {"covered_lines": 1, "num_statements": 1, "percent_covered": 100.0, "percent_covered_display": "100", "missing_lines": 0, "excluded_lines": 0}, "missing_lines": [], "excluded_lines": []}, "get_metrics": {"executed_lines": [168, 169, 170], "summary": {"covered_lines": 3, "num_statements": 3, "percent_covered": 100.0, "percent_covered_display": "100", "missing_lines": 0, "excluded_lines": 0}, "missing_lines": [], "excluded_lines": []}, "reset_metrics": {"executed_lines": [176], "summary": {"covered_lines": 1, "num_statements": 1, "percent_covered": 100.0, "percent_covered_display": "100", "missing_lines": 0, "excluded_lines": 0}, "missing_lines": [], "excluded_lines": []}, "": {"executed_lines": [1, 3, 4, 5, 7, 9, 12, 13, 15, 65, 84, 106, 117, 128, 136, 145, 158, 161, 173], "summary": {"covered_lines": 17, "num_statements": 17, "percent_covered": 100.0, "percent_covered_display": "100", "missing_lines": 0, "excluded_lines": 0}, "missing_lines": [], "excluded_lines": []}}, "classes": {"MetricsCollector": {"executed_lines": [18, 24, 32, 38, 46, 51, 58, 63, 78, 79, 80, 81, 82, 97, 98, 99, 100, 103, 104, 112, 113, 114, 115, 123, 124, 125, 126, 130, 131, 132, 133, 134, 142, 143, 151], "summary": {"covered_lines": 35, "num_statements": 35, "percent_covered": 100.0, "percent_covered_display": "100", "missing_lines": 0, "excluded_lines": 0}, "missing_lines": [], "excluded_lines": []}, "": {"executed_lines": [1, 3, 4, 5, 7, 9, 12, 13, 15, 65, 84, 106, 117, 128, 136, 145, 158, 161, 168, 169, 170, 173, 176], "summary": {"covered_lines": 21, "num_statements": 21, "percent_covered": 100.0, "percent_covered_display": "100", "missing_lines": 0, "excluded_lines": 0}, "missing_lines": [], "excluded_lines": []}}}, "src/sqlsentinel/models/__init__.py": {"executed_lines": [1, 3, 4, 11, 19], "summary": {"covered_lines": 4, "num_statements": 4, "percent_covered": 100.0, "percent_covered_display": "100", "missing_lines": 0, "excluded_lines": 0}, "missing_lines": [], "excluded_lines": [], "functions": {"": {"executed_lines": [1, 3, 4, 11, 19], "summary": {"covered_lines": 4, "num_statements": 4, "percent_covered": 100.0, "percent_covered_display": "100", "missing_lines": 0, "excluded_lines": 0}, "missing_lines": [], "excluded_lines": []}}, "classes": {"": {"executed_lines": [1, 3, 4, 11, 19], "summary": {"covered_lines": 4, "num_statements": 4, "percent_covered": 100.0, "percent_covered_display": "100", "missing_lines": 0, "excluded_lines": 0}, "missing_lines": [], "excluded_lines": []}}}, "src/sqlsentinel/models/alert.py": {"executed_lines": [1, 3, 5, 7, 10, 11, 13, 14, 15, 16, 17, 20, 22, 23, 24, 26, 27, 28, 30, 31, 32, 34, 36, 37, 38, 41, 42, 44, 45, 46, 47, 49, 50, 51, 53, 54, 55, 56, 59, 60, 62, 63, 64, 65, 66, 67, 69, 70, 71, 73, 74, 75, 76], "summary": {"covered_lines": 49, "num_statements": 49, "percent_covered": 100.0, "percent_covered_display": "100", "missing_lines": 0, "excluded_lines": 0}, "missing_lines": [], "excluded_lines": [], "functions": {"AlertConfig.validate_query": {"executed_lines": [26, 27, 28], "summary": {"covered_lines": 3, "num_statements": 3, "percent_covered": 100.0, "percent_covered_display": "100", "missing_lines": 0, "excluded_lines": 0}, "missing_lines": [], "excluded_lines": []}, "AlertConfig.validate_schedule": {"executed_lines": [34, 36, 37, 38], "summary": {"covered_lines": 4, "num_statements": 4, "percent_covered": 100.0, "percent_covered_display": "100", "missing_lines": 0, "excluded_lines": 0}, "missing_lines": [], "excluded_lines": []}, "QueryResult.validate_status": {"executed_lines": [53, 54, 55, 56], "summary": {"covered_lines": 4, "num_statements": 4, "percent_covered": 100.0, "percent_covered_display": "100", "missing_lines": 0, "excluded_lines": 0}, "missing_lines": [], "excluded_lines": []}, "ExecutionResult.validate_status": {"executed_lines": [73, 74, 75, 76], "summary": {"covered_lines": 4, "num_statements": 4, "percent_covered": 100.0, "percent_covered_display": "100", "missing_lines": 0, "excluded_lines": 0}, "missing_lines": [], "excluded_lines": []}, "": {"executed_lines": [1, 3, 5, 7, 10, 11, 13, 14, 15, 16, 17, 20, 22, 23, 24, 30, 31, 32, 41, 42, 44, 45, 46, 47, 49, 50, 51, 59, 60, 62, 63, 64, 65, 66, 67, 69, 70, 71], "summary": {"covered_lines": 34, "num_statements": 34, "percent_covered": 100.0, "percent_covered_display": "100", "missing_lines": 0, "excluded_lines": 0}, "missing_lines": [], "excluded_lines": []}}, "classes": {"AlertConfig": {"executed_lines": [26, 27, 28, 34, 36, 37, 38], "summary": {"covered_lines": 7, "num_statements": 7, "percent_covered": 100.0, "percent_covered_display": "100", "missing_lines": 0, "excluded_lines": 0}, "missing_lines": [], "excluded_lines": []}, "QueryResult": {"executed_lines": [53, 54, 55, 56], "summary": {"covered_lines": 4, "num_statements": 4, "percent_covered": 100.0, "percent_covered_display": "100", "missing_lines": 0, "excluded_lines": 0}, "missing_lines": [], "excluded_lines": []}, "ExecutionResult": {"executed_lines": [73, 74, 75, 76], "summary": {"covered_lines": 4, "num_statements": 4, "percent_covered": 100.0, "percent_covered_display": "100", "missing_lines": 0, "excluded_lines": 0}, "missing_lines": [], "excluded_lines": []}, "": {"executed_lines": [1, 3, 5, 7, 10, 11, 13, 14, 15, 16, 17, 20, 22, 23, 24, 30, 31, 32, 41, 42, 44, 45, 46, 47, 49, 50, 51, 59, 60, 62, 63, 64, 65, 66, 67, 69, 70, 71], "summary": {"covered_lines": 34, "num_statements": 34, "percent_covered": 100.0, "percent_covered_display": "100", "missing_lines": 0, "excluded_lines": 0}, "missing_lines": [], "excluded_lines": []}}}, "src/sqlsentinel/models/errors.py": {"executed_lines": [1, 4, 5, 7, 10, 11, 13, 16, 17, 19, 22, 23, 25, 28, 29, 31], "summary": {"covered_lines": 10, "num_statements": 10, "percent_covered": 100.0, "percent_covered_display": "100", "missing_lines": 0, "excluded_lines": 0}, "missing_lines": [], "excluded_lines": [], "functions": {"": {"executed_lines": [1, 4, 5, 7, 10, 11, 13, 16, 17, 19, 22, 23, 25, 28, 29, 31], "summary": {"covered_lines": 10, "num_statements": 10, "percent_covered": 100.0, "percent_covered_display": "100", "missing_lines": 0, "excluded_lines": 0}, "missing_lines": [], "excluded_lines": []}}, "classes": {"SQLSentinelError": {"executed_lines": [], "summary": {"covered_lines": 0, "num_statements": 0, "percent_covered": 100.0, "percent_covered_display": "100", "missing_lines": 0, "excluded_lines": 0}, "missing_lines": [], "excluded_lines": []}, "ConfigurationError": {"executed_lines": [], "summary": {"covered_lines": 0, "num_statements": 0, "percent_covered": 100.0, "percent_covered_display": "100", "missing_lines": 0, "excluded_lines": 0}, "missing_lines": [], "excluded_lines": []}, "ValidationError": {"executed_lines": [], "summary": {"covered_lines": 0, "num_statements": 0, "percent_covered": 100.0, "percent_covered_display": "100", "missing_lines": 0, "excluded_lines": 0}, "missing_lines": [], "excluded_lines": []}, "ExecutionError": {"executed_lines": [], "summary": {"covered_lines": 0, "num_statements": 0, "percent_covered": 100.0, "percent_covered_display": "100", "missing_lines": 0, "excluded_lines": 0}, "missing_lines": [], "excluded_lines": []}, "NotificationError": {"executed_lines": [], "summary": {"covered_lines": 0, "num_statements": 0, "percent_covered": 100.0, "percent_covered_display": "100", "missing_lines": 0, "excluded_lines": 0}, "missing_lines": [], "excluded_lines": []}, "": {"executed_lines": [1, 4, 5, 7, 10, 11, 13, 16, 17, 19, 22, 23, 25, 28, 29, 31], "summary": {"covered_lines": 10, "num_statements": 10, "percent_covered": 100.0, "percent_covered_display": "100", "missing_lines": 0, "excluded_lines": 0}, "missing_lines": [], "excluded_lines": []}}}, "src/sqlsentinel/models/notification.py": {"executed_lines": [1, 3, 4, 6, 9, 10, 12, 13, 14, 17, 18, 20, 21, 23, 24, 25, 27, 28, 29, 30, 33, 34, 36, 37, 38, 40, 41, 42, 44, 45, 46, 49, 50, 52, 53, 54, 56, 57, 58, 60, 61, 62, 65, 66, 68, 69, 73, 74, 75, 77, 78, 79, 80, 82, 84], "summary": {"covered_lines": 49, "num_statements": 51, "percent_covered": 96.07843137254902, "percent_covered_display": "96", "missing_lines": 2, "excluded_lines": 0}, "missing_lines": [81, 83], "excluded_lines": [], "functions": {"EmailConfig.validate_recipients": {"executed_lines": [27, 28, 29, 30], "summary": {"covered_lines": 4, "num_statements": 4, "percent_covered": 100.0, "percent_covered_display": "100", "missing_lines": 0, "excluded_lines": 0}, "missing_lines": [], "excluded_lines": []}, "SlackConfig.validate_webhook_url": {"executed_lines": [44, 45, 46], "summary": {"covered_lines": 3, "num_statements": 3, "percent_covered": 100.0, "percent_covered_display": "100", "missing_lines": 0, "excluded_lines": 0}, "missing_lines": [], "excluded_lines": []}, "WebhookConfig.validate_method": {"executed_lines": [60, 61, 62], "summary": {"covered_lines": 3, "num_statements": 3, "percent_covered": 100.0, "percent_covered_display": "100", "missing_lines": 0, "excluded_lines": 0}, "missing_lines": [], "excluded_lines": []}, "NotificationConfig.validate_config": {"executed_lines": [77, 78, 79, 80, 82, 84], "summary": {"covered_lines": 6, "num_statements": 8, "percent_covered": 75.0, "percent_covered_display": "75", "missing_lines": 2, "excluded_lines": 0}, "missing_lines": [81, 83], "excluded_lines": []}, "": {"executed_lines": [1, 3, 4, 6, 9, 10, 12, 13, 14, 17, 18, 20, 21, 23, 24, 25, 33, 34, 36, 37, 38, 40, 41, 42, 49, 50, 52, 53, 54, 56, 57, 58, 65, 66, 68, 69, 73, 74, 75], "summary": {"covered_lines": 33, "num_statements": 33, "percent_covered": 100.0, "percent_covered_display": "100", "missing_lines": 0, "excluded_lines": 0}, "missing_lines": [], "excluded_lines": []}}, "classes": {"NotificationChannel": {"executed_lines": [], "summary": {"covered_lines": 0, "num_statements": 0, "percent_covered": 100.0, "percent_covered_display": "100", "missing_lines": 0, "excluded_lines": 0}, "missing_lines": [], "excluded_lines": []}, "EmailConfig": {"executed_lines": [27, 28, 29, 30], "summary": {"covered_lines": 4, "num_statements": 4, "percent_covered": 100.0, "percent_covered_display": "100", "missing_lines": 0, "excluded_lines": 0}, "missing_lines": [], "excluded_lines": []}, "SlackConfig": {"executed_lines": [44, 45, 46], "summary": {"covered_lines": 3, "num_statements": 3, "percent_covered": 100.0, "percent_covered_display": "100", "missing_lines": 0, "excluded_lines": 0}, "missing_lines": [], "excluded_lines": []}, "WebhookConfig": {"executed_lines": [60, 61, 62], "summary": {"covered_lines": 3, "num_statements": 3, "percent_covered": 100.0, "percent_covered_display": "100", "missing_lines": 0, "excluded_lines": 0}, "missing_lines": [], "excluded_lines": []}, "NotificationConfig": {"executed_lines": [77, 78, 79, 80, 82, 84], "summary": {"covered_lines": 6, "num_statements": 8, "percent_covered": 75.0, "percent_covered_display": "75", "missing_lines": 2, "excluded_lines": 0}, "missing_lines": [81, 83], "excluded_lines": []}, "": {"executed_lines": [1, 3, 4, 6, 9, 10, 12, 13, 14, 17, 18, 20, 21, 23, 24, 25, 33, 34, 36, 37, 38, 40, 41, 42, 49, 50, 52, 53, 54, 56, 57, 58, 65, 66, 68, 69, 73, 74, 75], "summary": {"covered_lines": 33, "num_statements": 33, "percent_covered": 100.0, "percent_covered_display": "100", "missing_lines": 0, "excluded_lines": 0}, "missing_lines": [], "excluded_lines": []}}}, "src/sqlsentinel/notifications/__init__.py": {"executed_lines": [1, 3, 4, 5, 6, 7, 9], "summary": {"covered_lines": 6, "num_statements": 6, "percent_covered": 100.0, "percent_covered_display": "100", "missing_lines": 0, "excluded_lines": 0}, "missing_lines": [], "excluded_lines": [], "functions": {"": {"executed_lines": [1, 3, 4, 5, 6, 7, 9], "summary": {"covered_lines": 6, "num_statements": 6, "percent_covered": 100.0, "percent_covered_display": "100", "missing_lines": 0, "excluded_lines": 0}, "missing_lines": [], "excluded_lines": []}}, "classes": {"": {"executed_lines": [1, 3, 4, 5, 6, 7, 9], "summary": {"covered_lines": 6, "num_statements": 6, "percent_covered": 100.0, "percent_covered_display": "100", "missing_lines": 0, "excluded_lines": 0}, "missing_lines": [], "excluded_lines": []}}}, "src/sqlsentinel/notifications/base.py": {"executed_lines": [1, 3, 5, 6, 9, 10, 12, 13, 31, 41, 43, 44, 46, 47, 49, 51, 52, 54, 55, 58, 59, 60, 61, 63], "summary": {"covered_lines": 22, "num_statements": 23, "percent_covered": 95.65217391304348, "percent_covered_display": "96", "missing_lines": 1, "excluded_lines": 0}, "missing_lines": [29], "excluded_lines": [], "functions": {"NotificationService.send": {"executed_lines": [], "summary": {"covered_lines": 0, "num_statements": 1, "percent_covered": 0.0, "percent_covered_display": "0", "missing_lines": 1, "excluded_lines": 0}, "missing_lines": [29], "excluded_lines": []}, "NotificationService.format_message": {"executed_lines": [41, 43, 44, 46, 47, 49, 51, 52, 54, 55, 58, 59, 60, 61, 63], "summary": {"covered_lines": 15, "num_statements": 15, "percent_covered": 100.0, "percent_covered_display": "100", "missing_lines": 0, "excluded_lines": 0}, "missing_lines": [], "excluded_lines": []}, "": {"executed_lines": [1, 3, 5, 6, 9, 10, 12, 13, 31], "summary": {"covered_lines": 7, "num_statements": 7, "percent_covered": 100.0, "percent_covered_display": "100", "missing_lines": 0, "excluded_lines": 0}, "missing_lines": [], "excluded_lines": []}}, "classes": {"NotificationService": {"executed_lines": [41, 43, 44, 46, 47, 49, 51, 52, 54, 55, 58, 59, 60, 61, 63], "summary": {"covered_lines": 15, "num_statements": 16, "percent_covered": 93.75, "percent_covered_display": "94", "missing_lines": 1, "excluded_lines": 0}, "missing_lines": [29], "excluded_lines": []}, "": {"executed_lines": [1, 3, 5, 6, 9, 10, 12, 13, 31], "summary": {"covered_lines": 7, "num_statements": 7, "percent_covered": 100.0, "percent_covered_display": "100", "missing_lines": 0, "excluded_lines": 0}, "missing_lines": [], "excluded_lines": []}}}, "src/sqlsentinel/notifications/email.py": {"executed_lines": [1, 3, 4, 5, 6, 7, 9, 10, 11, 12, 15, 16, 18, 44, 45, 47, 48, 49, 50, 51, 52, 53, 54, 56, 73, 74, 76, 79, 82, 83, 91, 92, 93, 94, 99, 100, 101, 102, 104, 105, 108, 112, 129, 130, 131, 132, 135, 138, 139, 140, 141, 143, 146, 147, 150, 151, 153, 155, 156], "summary": {"covered_lines": 57, "num_statements": 58, "percent_covered": 98.27586206896552, "percent_covered_display": "98", "missing_lines": 1, "excluded_lines": 0}, "missing_lines": [154], "excluded_lines": [], "functions": {"EmailNotificationService.__init__": {"executed_lines": [44, 45, 47, 48, 49, 50, 51, 52, 53, 54], "summary": {"covered_lines": 10, "num_statements": 10, "percent_covered": 100.0, "percent_covered_display": "100", "missing_lines": 0, "excluded_lines": 0}, "missing_lines": [], "excluded_lines": []}, "EmailNotificationService.send": {"executed_lines": [73, 74, 76, 79, 82, 83, 91, 92, 93, 94, 99, 100, 101, 102, 104, 105, 108], "summary": {"covered_lines": 17, "num_statements": 17, "percent_covered": 100.0, "percent_covered_display": "100", "missing_lines": 0, "excluded_lines": 0}, "missing_lines": [], "excluded_lines": []}, "EmailNotificationService._send_email": {"executed_lines": [129, 130, 131, 132, 135, 138, 139, 140, 141, 143, 146, 147, 150, 151, 153, 155, 156], "summary": {"covered_lines": 17, "num_statements": 18, "percent_covered": 94.44444444444444, "percent_covered_display": "94", "missing_lines": 1, "excluded_lines": 0}, "missing_lines": [154], "excluded_lines": []}, "": {"executed_lines": [1, 3, 4, 5, 6, 7, 9, 10, 11, 12, 15, 16, 18, 56, 112], "summary": {"covered_lines": 13, "num_statements": 13, "percent_covered": 100.0, "percent_covered_display": "100", "missing_lines": 0, "excluded_lines": 0}, "missing_lines": [], "excluded_lines": []}}, "classes": {"EmailNotificationService": {"executed_lines": [44, 45, 47, 48, 49, 50, 51, 52, 53, 54, 73, 74, 76, 79, 82, 83, 91, 92, 93, 94, 99, 100, 101, 102, 104, 105, 108, 129, 130, 131, 132, 135, 138, 139, 140, 141, 143, 146, 147, 150, 151, 153, 155, 156], "summary": {"covered_lines": 44, "num_statements": 45, "percent_covered": 97.77777777777777, "percent_covered_display": "98", "missing_lines": 1, "excluded_lines": 0}, "missing_lines": [154], "excluded_lines": []}, "": {"executed_lines": [1, 3, 4, 5, 6, 7, 9, 10, 11, 12, 15, 16, 18, 56, 112], "summary": {"covered_lines": 13, "num_statements": 13, "percent_covered": 100.0, "percent_covered_display": "100", "missing_lines": 0, "excluded_lines": 0}, "missing_lines": [], "excluded_lines": []}}}, "src/sqlsentinel/notifications/factory.py": {"executed_lines": [1, 3, 4, 6, 7, 8, 9, 10, 11, 14, 15, 17, 53, 56, 57, 59, 61, 62, 66, 69, 70, 72, 74, 77, 80, 82, 94, 95, 96, 97, 98, 99, 103, 112, 113, 117, 126, 135, 136, 140, 142, 151, 152, 156], "summary": {"covered_lines": 42, "num_statements": 43, "percent_covered": 97.67441860465117, "percent_covered_display": "98", "missing_lines": 1, "excluded_lines": 0}, "missing_lines": [101], "excluded_lines": [], "functions": {"NotificationFactory.__init__": {"executed_lines": [53, 56, 57, 59, 61, 62, 66, 69, 70, 72, 74, 77, 80], "summary": {"covered_lines": 13, "num_statements": 13, "percent_covered": 100.0, "percent_covered_display": "100", "missing_lines": 0, "excluded_lines": 0}, "missing_lines": [], "excluded_lines": []}, "NotificationFactory.create_service": {"executed_lines": [94, 95, 96, 97, 98, 99], "summary": {"covered_lines": 6, "num_statements": 7, "percent_covered": 85.71428571428571, "percent_covered_display": "86", "missing_lines": 1, "excluded_lines": 0}, "missing_lines": [101], "excluded_lines": []}, "NotificationFactory._create_email_service": {"executed_lines": [112, 113, 117], "summary": {"covered_lines": 3, "num_statements": 3, "percent_covered": 100.0, "percent_covered_display": "100", "missing_lines": 0, "excluded_lines": 0}, "missing_lines": [], "excluded_lines": []}, "NotificationFactory._create_slack_service": {"executed_lines": [135, 136, 140], "summary": {"covered_lines": 3, "num_statements": 3, "percent_covered": 100.0, "percent_covered_display": "100", "missing_lines": 0, "excluded_lines": 0}, "missing_lines": [], "excluded_lines": []}, "NotificationFactory._create_webhook_service": {"executed_lines": [151, 152, 156], "summary": {"covered_lines": 3, "num_statements": 3, "percent_covered": 100.0, "percent_covered_display": "100", "missing_lines": 0, "excluded_lines": 0}, "missing_lines": [], "excluded_lines": []}, "": {"executed_lines": [1, 3, 4, 6, 7, 8, 9, 10, 11, 14, 15, 17, 82, 103, 126, 142], "summary": {"covered_lines": 14, "num_statements": 14, "percent_covered": 100.0, "percent_covered_display": "100", "missing_lines": 0, "excluded_lines": 0}, "missing_lines": [], "excluded_lines": []}}, "classes": {"NotificationFactory": {"executed_lines": [53, 56, 57, 59, 61, 62, 66, 69, 70, 72, 74, 77, 80, 94, 95, 96, 97, 98, 99, 112, 113, 117, 135, 136, 140, 151, 152, 156], "summary": {"covered_lines": 28, "num_statements": 29, "percent_covered": 96.55172413793103, "percent_covered_display": "97", "missing_lines": 1, "excluded_lines": 0}, "missing_lines": [101], "excluded_lines": []}, "": {"executed_lines": [1, 3, 4, 6, 7, 8, 9, 10, 11, 14, 15, 17, 82, 103, 126, 142], "summary": {"covered_lines": 14, "num_statements": 14, "percent_covered": 100.0, "percent_covered_display": "100", "missing_lines": 0, "excluded_lines": 0}, "missing_lines": [], "excluded_lines": []}}}, "src/sqlsentinel/notifications/slack.py": {"executed_lines": [1, 3, 4, 5, 6, 7, 9, 10, 11, 12, 15, 16, 18, 36, 37, 39, 40, 44, 45, 46, 47, 49, 66, 67, 69, 72, 75, 76, 77, 78, 79, 80, 81, 82, 84, 85, 88, 92, 109, 112, 115, 120, 125, 128, 129, 132, 133, 136, 137, 139, 140, 142, 143, 146, 147, 148, 149, 151, 156, 164, 165, 167, 168, 170, 172, 181, 183, 184, 192, 193, 196, 197, 201, 202, 203, 204, 205, 206, 208, 209], "summary": {"covered_lines": 78, "num_statements": 79, "percent_covered": 98.73417721518987, "percent_covered_display": "99", "missing_lines": 1, "excluded_lines": 0}, "missing_lines": [207], "excluded_lines": [], "functions": {"SlackNotificationService.__init__": {"executed_lines": [36, 37, 39, 40, 44, 45, 46, 47], "summary": {"covered_lines": 8, "num_statements": 8, "percent_covered": 100.0, "percent_covered_display": "100", "missing_lines": 0, "excluded_lines": 0}, "missing_lines": [], "excluded_lines": []}, "SlackNotificationService.send": {"executed_lines": [66, 67, 69, 72, 75, 76, 77, 78, 79, 80, 81, 82, 84, 85, 88], "summary": {"covered_lines": 15, "num_statements": 15, "percent_covered": 100.0, "percent_covered_display": "100", "missing_lines": 0, "excluded_lines": 0}, "missing_lines": [], "excluded_lines": []}, "SlackNotificationService._build_payload": {"executed_lines": [109, 112, 115, 120, 125, 128, 129, 132, 133, 136, 137, 139, 140, 142, 143, 146, 147, 148, 149, 151, 156, 164, 165, 167, 168, 170], "summary": {"covered_lines": 26, "num_statements": 26, "percent_covered": 100.0, "percent_covered_display": "100", "missing_lines": 0, "excluded_lines": 0}, "missing_lines": [], "excluded_lines": []}, "SlackNotificationService._send_webhook": {"executed_lines": [181, 183, 184, 192, 193, 196, 197, 201, 202, 203, 204, 205, 206, 208, 209], "summary": {"covered_lines": 15, "num_statements": 16, "percent_covered": 93.75, "percent_covered_display": "94", "missing_lines": 1, "excluded_lines": 0}, "missing_lines": [207], "excluded_lines": []}, "": {"executed_lines": [1, 3, 4, 5, 6, 7, 9, 10, 11, 12, 15, 16, 18, 49, 92, 172], "summary": {"covered_lines": 14, "num_statements": 14, "percent_covered": 100.0, "percent_covered_display": "100", "missing_lines": 0, "excluded_lines": 0}, "missing_lines": [], "excluded_lines": []}}, "classes": {"SlackNotificationService": {"executed_lines": [36, 37, 39, 40, 44, 45, 46, 47, 66, 67, 69, 72, 75, 76, 77, 78, 79, 80, 81, 82, 84, 85, 88, 109, 112, 115, 120, 125, 128, 129, 132, 133, 136, 137, 139, 140, 142, 143, 146, 147, 148, 149, 151, 156, 164, 165, 167, 168, 170, 181, 183, 184, 192, 193, 196, 197, 201, 202, 203, 204, 205, 206, 208, 209], "summary": {"covered_lines": 64, "num_statements": 65, "percent_covered": 98.46153846153847, "percent_covered_display": "98", "missing_lines": 1, "excluded_lines": 0}, "missing_lines": [207], "excluded_lines": []}, "": {"executed_lines": [1, 3, 4, 5, 6, 7, 9, 10, 11, 12, 15, 16, 18, 49, 92, 172], "summary": {"covered_lines": 14, "num_statements": 14, "percent_covered": 100.0, "percent_covered_display": "100", "missing_lines": 0, "excluded_lines": 0}, "missing_lines": [], "excluded_lines": []}}}, "src/sqlsentinel/notifications/webhook.py": {"executed_lines": [1, 3, 4, 5, 6, 7, 9, 10, 11, 12, 15, 16, 18, 42, 43, 45, 46, 48, 49, 50, 51, 55, 56, 57, 58, 59, 60, 61, 63, 80, 81, 85, 88, 91, 94, 95, 96, 97, 103, 104, 105, 106, 108, 109, 112, 116, 130, 139, 140, 142, 144, 162, 164, 165, 168, 169, 171, 172, 175, 183, 184, 185, 187, 190, 193, 196, 197, 198, 202, 203, 204, 205, 206, 207, 209, 210], "summary": {"covered_lines": 74, "num_statements": 75, "percent_covered": 98.66666666666667, "percent_covered_display": "99", "missing_lines": 1, "excluded_lines": 0}, "missing_lines": [208], "excluded_lines": [], "functions": {"WebhookNotificationService.__init__": {"executed_lines": [42, 43, 45, 46, 48, 49, 50, 51, 55, 56, 57, 58, 59, 60, 61], "summary": {"covered_lines": 15, "num_statements": 15, "percent_covered": 100.0, "percent_covered_display": "100", "missing_lines": 0, "excluded_lines": 0}, "missing_lines": [], "excluded_lines": []}, "WebhookNotificationService.send": {"executed_lines": [80, 81, 85, 88, 91, 94, 95, 96, 97, 103, 104, 105, 106, 108, 109, 112], "summary": {"covered_lines": 16, "num_statements": 16, "percent_covered": 100.0, "percent_covered_display": "100", "missing_lines": 0, "excluded_lines": 0}, "missing_lines": [], "excluded_lines": []}, "WebhookNotificationService._build_payload": {"executed_lines": [130, 139, 140, 142], "summary": {"covered_lines": 4, "num_statements": 4, "percent_covered": 100.0, "percent_covered_display": "100", "missing_lines": 0, "excluded_lines": 0}, "missing_lines": [], "excluded_lines": []}, "WebhookNotificationService._send_request": {"executed_lines": [162, 164, 165, 168, 169, 171, 172, 175, 183, 184, 185, 187, 190, 193, 196, 197, 198, 202, 203, 204, 205, 206, 207, 209, 210], "summary": {"covered_lines": 25, "num_statements": 26, "percent_covered": 96.15384615384616, "percent_covered_display": "96", "missing_lines": 1, "excluded_lines": 0}, "missing_lines": [208], "excluded_lines": []}, "": {"executed_lines": [1, 3, 4, 5, 6, 7, 9, 10, 11, 12, 15, 16, 18, 63, 116, 144], "summary": {"covered_lines": 14, "num_statements": 14, "percent_covered": 100.0, "percent_covered_display": "100", "missing_lines": 0, "excluded_lines": 0}, "missing_lines": [], "excluded_lines": []}}, "classes": {"WebhookNotificationService": {"executed_lines": [42, 43, 45, 46, 48, 49, 50, 51, 55, 56, 57, 58, 59, 60, 61, 80, 81, 85, 88, 91, 94, 95, 96, 97, 103, 104, 105, 106, 108, 109, 112, 130, 139, 140, 142, 162, 164, 165, 168, 169, 171, 172, 175, 183, 184, 185, 187, 190, 193, 196, 197, 198, 202, 203, 204, 205, 206, 207, 209, 210], "summary": {"covered_lines": 60, "num_statements": 61, "percent_covered": 98.36065573770492, "percent_covered_display": "98", "missing_lines": 1, "excluded_lines": 0}, "missing_lines": [208], "excluded_lines": []}, "": {"executed_lines": [1, 3, 4, 5, 6, 7, 9, 10, 11, 12, 15, 16, 18, 63, 116, 144], "summary": {"covered_lines": 14, "num_statements": 14, "percent_covered": 100.0, "percent_covered_display": "100", "missing_lines": 0, "excluded_lines": 0}, "missing_lines": [], "excluded_lines": []}}}, "src/sqlsentinel/scheduler/__init__.py": {"executed_lines": [1, 7, 9], "summary": {"covered_lines": 2, "num_statements": 2, "percent_covered": 100.0, "percent_covered_display": "100", "missing_lines": 0, "excluded_lines": 0}, "missing_lines": [], "excluded_lines": [], "functions": {"": {"executed_lines": [1, 7, 9], "summary": {"covered_lines": 2, "num_statements": 2, "percent_covered": 100.0, "percent_covered_display": "100", "missing_lines": 0, "excluded_lines": 0}, "missing_lines": [], "excluded_lines": []}}, "classes": {"": {"executed_lines": [1, 7, 9], "summary": {"covered_lines": 2, "num_statements": 2, "percent_covered": 100.0, "percent_covered_display": "100", "missing_lines": 0, "excluded_lines": 0}, "missing_lines": [], "excluded_lines": []}}}, "src/sqlsentinel/scheduler/config_watcher.py": {"executed_lines": [1, 3, 4, 5, 6, 8, 9, 11, 14, 17, 18, 20, 38, 54, 70, 94, 95, 97, 130, 145, 160], "summary": {"covered_lines": 17, "num_statements": 69, "percent_covered": 24.63768115942029, "percent_covered_display": "25", "missing_lines": 52, "excluded_lines": 2}, "missing_lines": [33, 34, 35, 36, 44, 45, 48, 49, 50, 51, 52, 60, 61, 64, 65, 66, 67, 68, 72, 73, 76, 77, 81, 83, 84, 86, 87, 88, 89, 90, 110, 111, 112, 115, 116, 119, 120, 127, 128, 132, 135, 142, 143, 147, 149, 150, 151, 153, 154, 156, 158, 166], "excluded_lines": [11, 12], "functions": {"ConfigFileHandler.__init__": {"executed_lines": [], "summary": {"covered_lines": 0, "num_statements": 4, "percent_covered": 0.0, "percent_covered_display": "0", "missing_lines": 4, "excluded_lines": 0}, "missing_lines": [33, 34, 35, 36], "excluded_lines": []}, "ConfigFileHandler.on_modified": {"executed_lines": [], "summary": {"covered_lines": 0, "num_statements": 7, "percent_covered": 0.0, "percent_covered_display": "0", "missing_lines": 7, "excluded_lines": 0}, "missing_lines": [44, 45, 48, 49, 50, 51, 52], "excluded_lines": []}, "ConfigFileHandler.on_created": {"executed_lines": [], "summary": {"covered_lines": 0, "num_statements": 7, "percent_covered": 0.0, "percent_covered_display": "0", "missing_lines": 7, "excluded_lines": 0}, "missing_lines": [60, 61, 64, 65, 66, 67, 68], "excluded_lines": []}, "ConfigFileHandler._trigger_reload": {"executed_lines": [], "summary": {"covered_lines": 0, "num_statements": 12, "percent_covered": 0.0, "percent_covered_display": "0", "missing_lines": 12, "excluded_lines": 0}, "missing_lines": [72, 73, 76, 77, 81, 83, 84, 86, 87, 88, 89, 90], "excluded_lines": []}, "ConfigWatcher.__init__": {"executed_lines": [], "summary": {"covered_lines": 0, "num_statements": 9, "percent_covered": 0.0, "percent_covered_display": "0", "missing_lines": 9, "excluded_lines": 0}, "missing_lines": [110, 111, 112, 115, 116, 119, 120, 127, 128], "excluded_lines": []}, "ConfigWatcher.start": {"executed_lines": [], "summary": {"covered_lines": 0, "num_statements": 4, "percent_covered": 0.0, "percent_covered_display": "0", "missing_lines": 4, "excluded_lines": 0}, "missing_lines": [132, 135, 142, 143], "excluded_lines": []}, "ConfigWatcher.stop": {"executed_lines": [], "summary": {"covered_lines": 0, "num_statements": 8, "percent_covered": 0.0, "percent_covered_display": "0", "missing_lines": 8, "excluded_lines": 0}, "missing_lines": [147, 149, 150, 151, 153, 154, 156, 158], "excluded_lines": []}, "ConfigWatcher.is_alive": {"executed_lines": [], "summary": {"covered_lines": 0, "num_statements": 1, "percent_covered": 0.0, "percent_covered_display": "0", "missing_lines": 1, "excluded_lines": 0}, "missing_lines": [166], "excluded_lines": []}, "": {"executed_lines": [1, 3, 4, 5, 6, 8, 9, 11, 14, 17, 18, 20, 38, 54, 70, 94, 95, 97, 130, 145, 160], "summary": {"covered_lines": 17, "num_statements": 17, "percent_covered": 100.0, "percent_covered_display": "100", "missing_lines": 0, "excluded_lines": 2}, "missing_lines": [], "excluded_lines": [11, 12]}}, "classes": {"ConfigFileHandler": {"executed_lines": [], "summary": {"covered_lines": 0, "num_statements": 30, "percent_covered": 0.0, "percent_covered_display": "0", "missing_lines": 30, "excluded_lines": 0}, "missing_lines": [33, 34, 35, 36, 44, 45, 48, 49, 50, 51, 52, 60, 61, 64, 65, 66, 67, 68, 72, 73, 76, 77, 81, 83, 84, 86, 87, 88, 89, 90], "excluded_lines": []}, "ConfigWatcher": {"executed_lines": [], "summary": {"covered_lines": 0, "num_statements": 22, "percent_covered": 0.0, "percent_covered_display": "0", "missing_lines": 22, "excluded_lines": 0}, "missing_lines": [110, 111, 112, 115, 116, 119, 120, 127, 128, 132, 135, 142, 143, 147, 149, 150, 151, 153, 154, 156, 158, 166], "excluded_lines": []}, "": {"executed_lines": [1, 3, 4, 5, 6, 8, 9, 11, 14, 17, 18, 20, 38, 54, 70, 94, 95, 97, 130, 145, 160], "summary": {"covered_lines": 17, "num_statements": 17, "percent_covered": 100.0, "percent_covered_display": "100", "missing_lines": 0, "excluded_lines": 2}, "missing_lines": [], "excluded_lines": [11, 12]}}}, "src/sqlsentinel/scheduler/scheduler.py": {"executed_lines": [1, 3, 4, 6, 7, 8, 9, 11, 12, 13, 14, 15, 16, 17, 19, 22, 23, 47, 64, 65, 66, 67, 68, 71, 74, 77, 80, 82, 87, 88, 97, 98, 99, 100, 101, 102, 103, 105, 116, 119, 122, 125, 126, 128, 134, 136, 137, 138, 140, 143, 144, 145, 146, 148, 160, 163, 164, 165, 166, 167, 168, 169, 172, 173, 174, 177, 178, 179, 182, 183, 184, 185, 186, 190, 191, 192, 193, 194, 195, 197, 199, 200, 202, 211, 212, 213, 215, 217, 220, 230, 235, 241, 242, 243, 244, 246, 248, 254, 255, 256, 257, 264, 266, 275, 278, 279, 282, 283, 286, 288, 292, 293, 294, 295, 297, 310, 312, 314, 315, 316, 317, 321, 322, 323, 327, 329, 332, 339, 346, 351, 352], "summary": {"covered_lines": 129, "num_statements": 132, "percent_covered": 97.72727272727273, "percent_covered_display": "98", "missing_lines": 3, "excluded_lines": 0}, "missing_lines": [231, 232, 233], "excluded_lines": [], "functions": {"SchedulerService.__init__": {"executed_lines": [64, 65, 66, 67, 68, 71, 74, 77, 80, 82], "summary": {"covered_lines": 10, "num_statements": 10, "percent_covered": 100.0, "percent_covered_display": "100", "missing_lines": 0, "excluded_lines": 0}, "missing_lines": [], "excluded_lines": []}, "SchedulerService.state_engine": {"executed_lines": [97, 98, 99, 100, 101, 102, 103], "summary": {"covered_lines": 7, "num_statements": 7, "percent_covered": 100.0, "percent_covered_display": "100", "missing_lines": 0, "excluded_lines": 0}, "missing_lines": [], "excluded_lines": []}, "SchedulerService.start": {"executed_lines": [116, 119, 122, 125, 126], "summary": {"covered_lines": 5, "num_statements": 5, "percent_covered": 100.0, "percent_covered_display": "100", "missing_lines": 0, "excluded_lines": 0}, "missing_lines": [], "excluded_lines": []}, "SchedulerService.stop": {"executed_lines": [134, 136, 137, 138, 140, 143, 144, 145, 146], "summary": {"covered_lines": 9, "num_statements": 9, "percent_covered": 100.0, "percent_covered_display": "100", "missing_lines": 0, "excluded_lines": 0}, "missing_lines": [], "excluded_lines": []}, "SchedulerService.reload_config": {"executed_lines": [160, 163, 164, 165, 166, 167, 168, 169, 172, 173, 174, 177, 178, 179, 182, 183, 184, 185, 186, 190, 191, 192, 193, 194, 195, 197, 199, 200], "summary": {"covered_lines": 28, "num_statements": 28, "percent_covered": 100.0, "percent_covered_display": "100", "missing_lines": 0, "excluded_lines": 0}, "missing_lines": [], "excluded_lines": []}, "SchedulerService.add_alert_job": {"executed_lines": [211, 212, 213, 215, 217, 220, 230], "summary": {"covered_lines": 7, "num_statements": 10, "percent_covered": 70.0, "percent_covered_display": "70", "missing_lines": 3, "excluded_lines": 0}, "missing_lines": [231, 232, 233], "excluded_lines": []}, "SchedulerService.remove_alert_job": {"executed_lines": [241, 242, 243, 244, 246], "summary": {"covered_lines": 5, "num_statements": 5, "percent_covered": 100.0, "percent_covered_display": "100", "missing_lines": 0, "excluded_lines": 0}, "missing_lines": [], "excluded_lines": []}, "SchedulerService.get_job_status": {"executed_lines": [254, 255, 256, 257, 264], "summary": {"covered_lines": 5, "num_statements": 5, "percent_covered": 100.0, "percent_covered_display": "100", "missing_lines": 0, "excluded_lines": 0}, "missing_lines": [], "excluded_lines": []}, "SchedulerService._load_alerts_from_config": {"executed_lines": [275, 278, 279, 282, 283, 286, 288, 292, 293, 294, 295], "summary": {"covered_lines": 11, "num_statements": 11, "percent_covered": 100.0, "percent_covered_display": "100", "missing_lines": 0, "excluded_lines": 0}, "missing_lines": [], "excluded_lines": []}, "SchedulerService._execute_alert_job": {"executed_lines": [310, 312, 314, 315, 316, 317, 321, 322, 323, 327, 329, 332, 339, 346, 351, 352], "summary": {"covered_lines": 16, "num_statements": 16, "percent_covered": 100.0, "percent_covered_display": "100", "missing_lines": 0, "excluded_lines": 0}, "missing_lines": [], "excluded_lines": []}, "": {"executed_lines": [1, 3, 4, 6, 7, 8, 9, 11, 12, 13, 14, 15, 16, 17, 19, 22, 23, 47, 87, 88, 105, 128, 148, 202, 235, 248, 266, 297], "summary": {"covered_lines": 26, "num_statements": 26, "percent_covered": 100.0, "percent_covered_display": "100", "missing_lines": 0, "excluded_lines": 0}, "missing_lines": [], "excluded_lines": []}}, "classes": {"SchedulerService": {"executed_lines": [64, 65, 66, 67, 68, 71, 74, 77, 80, 82, 97, 98, 99, 100, 101, 102, 103, 116, 119, 122, 125, 126, 134, 136, 137, 138, 140, 143, 144, 145, 146, 160, 163, 164, 165, 166, 167, 168, 169, 172, 173, 174, 177, 178, 179, 182, 183, 184, 185, 186, 190, 191, 192, 193, 194, 195, 197, 199, 200, 211, 212, 213, 215, 217, 220, 230, 241, 242, 243, 244, 246, 254, 255, 256, 257, 264, 275, 278, 279, 282, 283, 286, 288, 292, 293, 294, 295, 310, 312, 314, 315, 316, 317, 321, 322, 323, 327, 329, 332, 339, 346, 351, 352], "summary": {"covered_lines": 103, "num_statements": 106, "percent_covered": 97.16981132075472, "percent_covered_display": "97", "missing_lines": 3, "excluded_lines": 0}, "missing_lines": [231, 232, 233], "excluded_lines": []}, "": {"executed_lines": [1, 3, 4, 6, 7, 8, 9, 11, 12, 13, 14, 15, 16, 17, 19, 22, 23, 47, 87, 88, 105, 128, 148, 202, 235, 248, 266, 297], "summary": {"covered_lines": 26, "num_statements": 26, "percent_covered": 100.0, "percent_covered_display": "100", "missing_lines": 0, "excluded_lines": 0}, "missing_lines": [], "excluded_lines": []}}}, "src/sqlsentinel/services/__init__.py": {"executed_lines": [], "summary": {"covered_lines": 0, "num_statements": 0, "percent_covered": 100.0, "percent_covered_display": "100", "missing_lines": 0, "excluded_lines": 0}, "missing_lines": [], "excluded_lines": [], "functions": {"": {"executed_lines": [], "summary": {"covered_lines": 0, "num_statements": 0, "percent_covered": 100.0, "percent_covered_display": "100", "missing_lines": 0, "excluded_lines": 0}, "missing_lines": [], "excluded_lines": []}}, "classes": {"": {"executed_lines": [], "summary": {"covered_lines": 0, "num_statements": 0, "percent_covered": 100.0, "percent_covered_display": "100", "missing_lines": 0, "excluded_lines": 0}, "missing_lines": [], "excluded_lines": []}}}, "src/sqlsentinel/utils/__init__.py": {"executed_lines": [], "summary": {"covered_lines": 0, "num_statements": 0, "percent_covered": 100.0, "percent_covered_display": "100", "missing_lines": 0, "excluded_lines": 0}, "missing_lines": [], "excluded_lines": [], "functions": {"": {"executed_lines": [], "summary": {"covered_lines": 0, "num_statements": 0, "percent_covered": 100.0, "percent_covered_display": "100", "missing_lines": 0, "excluded_lines": 0}, "missing_lines": [], "excluded_lines": []}}, "classes": {"": {"executed_lines": [], "summary": {"covered_lines": 0, "num_statements": 0, "percent_covered": 100.0, "percent_covered_display": "100", "missing_lines": 0, "excluded_lines": 0}, "missing_lines": [], "excluded_lines": []}}}}, "totals": {"covered_lines": 1599, "num_statements": 1892, "percent_covered": 84.51374207188161, "percent_covered_display": "85", "missing_lines": 293, "excluded_lines": 4}}